#
# A fatal error has been detected by the Java Runtime Environment:
#
#  SIGSEGV (0xb) at pc=0x00000001100fbcdd, pid=4959, tid=1287
#
# JRE version: Java(TM) SE Runtime Environment (7.0_51-b13) (build 1.7.0_51-b13)
# Java VM: Java HotSpot(TM) 64-Bit Server VM (24.51-b03 mixed mode bsd-amd64 compressed oops)
# Problematic frame:
# V  [libjvm.dylib+0x2fbcdd]
#
# Failed to write core dump. Core dumps have been disabled. To enable core dumping, try "ulimit -c unlimited" before starting Java again
#
# If you would like to submit a bug report, please visit:
#   http://bugreport.sun.com/bugreport/crash.jsp
#

---------------  T H R E A D  ---------------

Current thread (0x00007f8eca0f4000):  JavaThread "AppKit Thread" daemon [_thread_in_vm, id=1287, stack(0x00007fff506fe000,0x00007fff5077e000)]

siginfo:si_signo=SIGSEGV: si_errno=0, si_code=1 (SEGV_MAPERR), si_addr=0x0000000000000000

Registers:
RAX=0x0000000110602c90, RBX=0x0000000000000000, RCX=0x00007f8ec9e3f9f0, RDX=0x0000000000000000
RSP=0x00007fff5077a0e0, RBP=0x00007fff5077a130, RSI=0x0000000000000000, RDI=0x00007f8eca0f41e8
R8 =0x0000000000000040, R9 =0x00007fff5077a200, R10=0x00007f8ecb115220, R11=0x00007fff72912908
R12=0x00007f8ec9e21ef0, R13=0x00007f8ec9d48010, R14=0x00007f8eca0f41e8, R15=0x00007f8eca0f4000
RIP=0x00000001100fbcdd, EFLAGS=0x0000000000010202, ERR=0x0000000000000004
  TRAPNO=0x000000000000000e

Top of Stack: (sp=0x00007fff5077a0e0)
0x00007fff5077a0e0:   00007fff5077a128 00007f8eca0f4000
0x00007fff5077a0f0:   0000000000000000 00000001101097b7
0x00007fff5077a100:   00007f8ec9e21ef0 00007f8eca0f4000
0x00007fff5077a110:   00007f8eca0f4000 00007f8ec9e21ef0
0x00007fff5077a120:   00007f8ec9d47420 00007f8eca0f41e8
0x00007fff5077a130:   00007fff5077a190 000000011f161244
0x00007fff5077a140:   00007fff5077a180 00007fff888b7569
0x00007fff5077a150:   00007fff5077a180 0000000000000000
0x00007fff5077a160:   40ea0b22f63f0480 0000000000000168
0x00007fff5077a170:   00007f8ec9e21ef0 00007f8ec9d48010
0x00007fff5077a180:   0000000000000190 00007f8ec9d47420
0x00007fff5077a190:   00007fff5077a3e0 00007fff8c765324
0x00007fff5077a1a0:   0000000000012068 00007fff5077a25c
0x00007fff5077a1b0:   00007fff5077a240 00007fff83ee34a9
0x00007fff5077a1c0:   0000000000050102 00007fff5077a264
0x00007fff5077a1d0:   00007fff5077a260 0000000000000000
0x00007fff5077a1e0:   00007fff5077a25c 00007f8ec9c2783c
0x00007fff5077a1f0:   0000000000050102 0000010000000001
0x00007fff5077a200:   00007f8ec9c27838 0001206800000000
0x00007fff5077a210:   0000000000050102 00007f8ec9c27810
0x00007fff5077a220:   00007f8ec9e419f0 0000000000000100
0x00007fff5077a230:   00007f8ec9e21ef0 0000000000000000
0x00007fff5077a240:   00007fff5077a280 00007fff83ee38f3
0x00007fff5077a250:   00007fff5077a2a0 0001206889866e5a
0x00007fff5077a260:   0001d1000001d100 00007f8ec9c27810
0x00007fff5077a270:   00007f8ec9c27820 00007fff8cf92ac1
0x00007fff5077a280:   00007fff5077a2d0 00007fff89866e5a
0x00007fff5077a290:   00007f8ec9e419f0 00007fff8e0cc080
0x00007fff5077a2a0:   00007f8ec9e21ef0 0000000000001f97
0x00007fff5077a2b0:   00007fff5077a2d0 00007f8ec9d48010
0x00007fff5077a2c0:   0000000000000000 0000000000001f97
0x00007fff5077a2d0:   00007fff5077a3e0 00007fff8c7044b0 

Instructions: (pc=0x00000001100fbcdd)
0x00000001100fbcbd:   74 09 48 8d 7d b8 e8 ca bb 14 00 4c 89 f7 48 89
0x00000001100fbccd:   de 90 0f 1f 40 00 48 8d 05 b6 6f 50 00 80 38 00
0x00000001100fbcdd:   48 8b 03 74 15 48 8d 15 d7 48 47 00 8a 4a 08 8b
0x00000001100fbced:   40 08 48 d3 e0 48 03 02 eb 04 48 8b 40 08 48 8b 

Register to memory mapping:

RAX=0x0000000110602c90: UseCompressedOops+0 in /Library/Java/JavaVirtualMachines/jdk1.7.0_51.jdk/Contents/Home/jre/lib/server/libjvm.dylib at 0x000000010fe00000
RBX=0x0000000000000000 is an unknown value
RCX=0x00007f8ec9e3f9f0 is an unknown value
RDX=0x0000000000000000 is an unknown value
RSP=0x00007fff5077a0e0 is pointing into the stack for thread: 0x00007f8eca0f4000
RBP=0x00007fff5077a130 is pointing into the stack for thread: 0x00007f8eca0f4000
RSI=0x0000000000000000 is an unknown value
RDI=0x00007f8eca0f41e8 is an unknown value
R8 =0x0000000000000040 is an unknown value
R9 =0x00007fff5077a200 is pointing into the stack for thread: 0x00007f8eca0f4000
R10=0x00007f8ecb115220 is an unknown value
R11=0x00007fff72912908: OBJC_CLASS_$_NSEvent+0 in /System/Library/Frameworks/AppKit.framework/Versions/C/AppKit at 0x00007fff8c53f000
R12=0x00007f8ec9e21ef0 is an unknown value
R13=0x00007f8ec9d48010 is an unknown value
R14=0x00007f8eca0f41e8 is an unknown value
R15=0x00007f8eca0f4000 is a thread


Stack: [0x00007fff506fe000,0x00007fff5077e000],  sp=0x00007fff5077a0e0,  free space=496k
Native frames: (J=compiled Java code, j=interpreted, Vv=VM code, C=native code)
V  [libjvm.dylib+0x2fbcdd]
C  [liblwjgl.dylib+0xb244]  -[MacOSXOpenGLView mouseMoved:]+0x84
C  [AppKit+0x226324]  -[NSWindow sendEvent:]+0x4ec
C  [AppKit+0x1c71be]  -[NSApplication sendEvent:]+0x3cf
C  [libosxapp.dylib+0x166f]  -[NSApplicationAWT sendEvent:]+0xb3
C  [AppKit+0x179f9]  -[NSApplication run]+0x286
C  [libosxapp.dylib+0x1557]  +[NSApplicationAWT runAWTLoopWithApp:]+0x9c
C  [liblwawt.dylib+0xdba9]  -[AWTStarter starter:]+0x369
C  [Foundation+0x6375e]  __NSThreadPerformPerform+0xe5
C  [CoreFoundation+0x7f5b1]  __CFRUNLOOP_IS_CALLING_OUT_TO_A_SOURCE0_PERFORM_FUNCTION__+0x11
C  [CoreFoundation+0x70c62]  __CFRunLoopDoSources0+0xf2
C  [CoreFoundation+0x703ef]  __CFRunLoopRun+0x33f
C  [CoreFoundation+0x6fe75]  CFRunLoopRunSpecific+0x135
C  [java+0x73b0]  CreateExecutionEnvironment+0x367
C  [java+0x1b5c]  JLI_Launch+0x7a0
C  [java+0x770d]  main+0x65
C  [java+0x13b4]  start+0x34


---------------  P R O C E S S  ---------------

Java Threads: ( => current thread )
  0x00007f8ecb8ff800 JavaThread "DestroyJavaVM" [_thread_blocked, id=6403, stack(0x0000000110854000,0x0000000110954000)]
  0x00007f8eca062800 JavaThread "LWJGL Application" [_thread_in_native, id=61955, stack(0x000000011f550000,0x000000011f650000)]
  0x00007f8eca92a800 JavaThread "AWT-Shutdown" [_thread_blocked, id=27915, stack(0x000000011c2f4000,0x000000011c3f4000)]
=>0x00007f8eca0f4000 JavaThread "AppKit Thread" daemon [_thread_in_vm, id=1287, stack(0x00007fff506fe000,0x00007fff5077e000)]
  0x00007f8ecb033800 JavaThread "Service Thread" daemon [_thread_blocked, id=19203, stack(0x000000011a601000,0x000000011a701000)]
  0x00007f8ecb032800 JavaThread "C2 CompilerThread1" daemon [_thread_blocked, id=18691, stack(0x000000011a4fe000,0x000000011a5fe000)]
  0x00007f8ecb031000 JavaThread "C2 CompilerThread0" daemon [_thread_blocked, id=18179, stack(0x000000011a3fb000,0x000000011a4fb000)]
  0x00007f8ecb022000 JavaThread "Signal Dispatcher" daemon [_thread_blocked, id=17667, stack(0x000000011a2f8000,0x000000011a3f8000)]
  0x00007f8eca827000 JavaThread "Finalizer" daemon [_thread_blocked, id=12547, stack(0x000000011a0c0000,0x000000011a1c0000)]
  0x00007f8eca824800 JavaThread "Reference Handler" daemon [_thread_blocked, id=12035, stack(0x0000000119fbd000,0x000000011a0bd000)]

Other Threads:
  0x00007f8ecb01c000 VMThread [stack: 0x0000000119eba000,0x0000000119fba000] [id=11523]
  0x00007f8ecb023800 WatcherThread [stack: 0x000000011a704000,0x000000011a804000] [id=19715]

VM state:not at safepoint (normal execution)

VM Mutex/Monitor currently owned by a thread: None

Heap
 PSYoungGen      total 37888K, used 18200K [0x00000007d5500000, 0x00000007d7f80000, 0x0000000800000000)
  eden space 33280K, 40% used [0x00000007d5500000,0x00000007d62525b0,0x00000007d7580000)
  from space 4608K, 98% used [0x00000007d7600000,0x00000007d7a73b60,0x00000007d7a80000)
  to   space 5120K, 0% used [0x00000007d7a80000,0x00000007d7a80000,0x00000007d7f80000)
 ParOldGen       total 87040K, used 40K [0x0000000780000000, 0x0000000785500000, 0x00000007d5500000)
  object space 87040K, 0% used [0x0000000780000000,0x000000078000a000,0x0000000785500000)
 PSPermGen       total 21504K, used 6832K [0x000000077ae00000, 0x000000077c300000, 0x0000000780000000)
  object space 21504K, 31% used [0x000000077ae00000,0x000000077b4ac2a8,0x000000077c300000)

Card table byte_map: [0x0000000113a16000,0x0000000113e40000] byte_map_base: 0x000000010fe3f000

Polling page: 0x000000010f5d3000

Code Cache  [0x0000000110956000, 0x0000000110bc6000, 0x0000000113956000)
 total_blobs=496 nmethods=142 adapters=308 free_code_cache=48365Kb largest_free_block=49502336

Compilation events (10 events):
Event: 5.103 Thread 0x00007f8ecb031000  138             java.lang.String::substring (56 bytes)
Event: 5.107 Thread 0x00007f8ecb031000 nmethod 138 0x0000000110a1c390 code [0x0000000110a1c500, 0x0000000110a1c858]
Event: 5.204 Thread 0x00007f8ecb032800  139             java.net.URL::getPath (5 bytes)
Event: 5.204 Thread 0x00007f8ecb032800 nmethod 139 0x0000000110a10010 code [0x0000000110a10140, 0x0000000110a101b8]
Event: 5.270 Thread 0x00007f8ecb031000  140             java.lang.String::indexOf (7 bytes)
Event: 5.271 Thread 0x00007f8ecb031000 nmethod 140 0x0000000110a1c010 code [0x0000000110a1c160, 0x0000000110a1c248]
Event: 5.335 Thread 0x00007f8ecb032800  141             java.lang.CharacterDataLatin1::toUpperCase (53 bytes)
Event: 5.336 Thread 0x00007f8ecb032800 nmethod 141 0x0000000110a1bd50 code [0x0000000110a1be80, 0x0000000110a1bf58]
Event: 5.483 Thread 0x00007f8ecb031000  142             java.util.regex.Matcher::search (109 bytes)
Event: 5.492 Thread 0x00007f8ecb031000 nmethod 142 0x0000000110a1e110 code [0x0000000110a1e2a0, 0x0000000110a1e718]

GC Heap History (10 events):
Event: 1.469 GC heap before
{Heap before GC invocations=1 (full 0):
 PSYoungGen      total 38912K, used 33792K [0x00000007d5500000, 0x00000007d8000000, 0x0000000800000000)
  eden space 33792K, 100% used [0x00000007d5500000,0x00000007d7600000,0x00000007d7600000)
  from space 5120K, 0% used [0x00000007d7b00000,0x00000007d7b00000,0x00000007d8000000)
  to   space 5120K, 0% used [0x00000007d7600000,0x00000007d7600000,0x00000007d7b00000)
 ParOldGen       total 87040K, used 0K [0x0000000780000000, 0x0000000785500000, 0x00000007d5500000)
  object space 87040K, 0% used [0x0000000780000000,0x0000000780000000,0x0000000785500000)
 PSPermGen       total 21504K, used 6743K [0x000000077ae00000, 0x000000077c300000, 0x0000000780000000)
  object space 21504K, 31% used [0x000000077ae00000,0x000000077b495f78,0x000000077c300000)
Event: 1.476 GC heap after
Heap after GC invocations=1 (full 0):
 PSYoungGen      total 38912K, used 4698K [0x00000007d5500000, 0x00000007d8000000, 0x0000000800000000)
  eden space 33792K, 0% used [0x00000007d5500000,0x00000007d5500000,0x00000007d7600000)
  from space 5120K, 91% used [0x00000007d7600000,0x00000007d7a969c8,0x00000007d7b00000)
  to   space 5120K, 0% used [0x00000007d7b00000,0x00000007d7b00000,0x00000007d8000000)
 ParOldGen       total 87040K, used 8K [0x0000000780000000, 0x0000000785500000, 0x00000007d5500000)
  object space 87040K, 0% used [0x0000000780000000,0x0000000780002000,0x0000000785500000)
 PSPermGen       total 21504K, used 6743K [0x000000077ae00000, 0x000000077c300000, 0x0000000780000000)
  object space 21504K, 31% used [0x000000077ae00000,0x000000077b495f78,0x000000077c300000)
}
Event: 2.475 GC heap before
{Heap before GC invocations=2 (full 0):
 PSYoungGen      total 38912K, used 38490K [0x00000007d5500000, 0x00000007d8000000, 0x0000000800000000)
  eden space 33792K, 100% used [0x00000007d5500000,0x00000007d7600000,0x00000007d7600000)
  from space 5120K, 91% used [0x00000007d7600000,0x00000007d7a969c8,0x00000007d7b00000)
  to   space 5120K, 0% used [0x00000007d7b00000,0x00000007d7b00000,0x00000007d8000000)
 ParOldGen       total 87040K, used 8K [0x0000000780000000, 0x0000000785500000, 0x00000007d5500000)
  object space 87040K, 0% used [0x0000000780000000,0x0000000780002000,0x0000000785500000)
 PSPermGen       total 21504K, used 6761K [0x000000077ae00000, 0x000000077c300000, 0x0000000780000000)
  object space 21504K, 31% used [0x000000077ae00000,0x000000077b49a7a8,0x000000077c300000)
Event: 2.482 GC heap after
Heap after GC invocations=2 (full 0):
 PSYoungGen      total 38912K, used 4436K [0x00000007d5500000, 0x00000007d8000000, 0x0000000800000000)
  eden space 33792K, 0% used [0x00000007d5500000,0x00000007d5500000,0x00000007d7600000)
  from space 5120K, 86% used [0x00000007d7b00000,0x00000007d7f55188,0x00000007d8000000)
  to   space 5120K, 0% used [0x00000007d7600000,0x00000007d7600000,0x00000007d7b00000)
 ParOldGen       total 87040K, used 16K [0x0000000780000000, 0x0000000785500000, 0x00000007d5500000)
  object space 87040K, 0% used [0x0000000780000000,0x0000000780004000,0x0000000785500000)
 PSPermGen       total 21504K, used 6761K [0x000000077ae00000, 0x000000077c300000, 0x0000000780000000)
  object space 21504K, 31% used [0x000000077ae00000,0x000000077b49a7a8,0x000000077c300000)
}
Event: 3.467 GC heap before
{Heap before GC invocations=3 (full 0):
 PSYoungGen      total 38912K, used 38228K [0x00000007d5500000, 0x00000007d8000000, 0x0000000800000000)
  eden space 33792K, 100% used [0x00000007d5500000,0x00000007d7600000,0x00000007d7600000)
  from space 5120K, 86% used [0x00000007d7b00000,0x00000007d7f55188,0x00000007d8000000)
  to   space 5120K, 0% used [0x00000007d7600000,0x00000007d7600000,0x00000007d7b00000)
 ParOldGen       total 87040K, used 16K [0x0000000780000000, 0x0000000785500000, 0x00000007d5500000)
  object space 87040K, 0% used [0x0000000780000000,0x0000000780004000,0x0000000785500000)
 PSPermGen       total 21504K, used 6787K [0x000000077ae00000, 0x000000077c300000, 0x0000000780000000)
  object space 21504K, 31% used [0x000000077ae00000,0x000000077b4a0e58,0x000000077c300000)
Event: 3.472 GC heap after
Heap after GC invocations=3 (full 0):
 PSYoungGen      total 38912K, used 4478K [0x00000007d5500000, 0x00000007d8000000, 0x0000000800000000)
  eden space 33792K, 0% used [0x00000007d5500000,0x00000007d5500000,0x00000007d7600000)
  from space 5120K, 87% used [0x00000007d7600000,0x00000007d7a5fb78,0x00000007d7b00000)
  to   space 5120K, 0% used [0x00000007d7b00000,0x00000007d7b00000,0x00000007d8000000)
 ParOldGen       total 87040K, used 24K [0x0000000780000000, 0x0000000785500000, 0x00000007d5500000)
  object space 87040K, 0% used [0x0000000780000000,0x0000000780006000,0x0000000785500000)
 PSPermGen       total 21504K, used 6787K [0x000000077ae00000, 0x000000077c300000, 0x0000000780000000)
  object space 21504K, 31% used [0x000000077ae00000,0x000000077b4a0e58,0x000000077c300000)
}
Event: 4.437 GC heap before
{Heap before GC invocations=4 (full 0):
 PSYoungGen      total 38912K, used 38270K [0x00000007d5500000, 0x00000007d8000000, 0x0000000800000000)
  eden space 33792K, 100% used [0x00000007d5500000,0x00000007d7600000,0x00000007d7600000)
  from space 5120K, 87% used [0x00000007d7600000,0x00000007d7a5fb78,0x00000007d7b00000)
  to   space 5120K, 0% used [0x00000007d7b00000,0x00000007d7b00000,0x00000007d8000000)
 ParOldGen       total 87040K, used 24K [0x0000000780000000, 0x0000000785500000, 0x00000007d5500000)
  object space 87040K, 0% used [0x0000000780000000,0x0000000780006000,0x0000000785500000)
 PSPermGen       total 21504K, used 6802K [0x000000077ae00000, 0x000000077c300000, 0x0000000780000000)
  object space 21504K, 31% used [0x000000077ae00000,0x000000077b4a49d0,0x000000077c300000)
Event: 4.441 GC heap after
Heap after GC invocations=4 (full 0):
 PSYoungGen      total 38912K, used 4516K [0x00000007d5500000, 0x00000007d8000000, 0x0000000800000000)
  eden space 33792K, 0% used [0x00000007d5500000,0x00000007d5500000,0x00000007d7600000)
  from space 5120K, 88% used [0x00000007d7b00000,0x00000007d7f690d0,0x00000007d8000000)
  to   space 5120K, 0% used [0x00000007d7600000,0x00000007d7600000,0x00000007d7b00000)
 ParOldGen       total 87040K, used 32K [0x0000000780000000, 0x0000000785500000, 0x00000007d5500000)
  object space 87040K, 0% used [0x0000000780000000,0x0000000780008000,0x0000000785500000)
 PSPermGen       total 21504K, used 6802K [0x000000077ae00000, 0x000000077c300000, 0x0000000780000000)
  object space 21504K, 31% used [0x000000077ae00000,0x000000077b4a49d0,0x000000077c300000)
}
Event: 5.286 GC heap before
{Heap before GC invocations=5 (full 0):
 PSYoungGen      total 38912K, used 38308K [0x00000007d5500000, 0x00000007d8000000, 0x0000000800000000)
  eden space 33792K, 100% used [0x00000007d5500000,0x00000007d7600000,0x00000007d7600000)
  from space 5120K, 88% used [0x00000007d7b00000,0x00000007d7f690d0,0x00000007d8000000)
  to   space 5120K, 0% used [0x00000007d7600000,0x00000007d7600000,0x00000007d7b00000)
 ParOldGen       total 87040K, used 32K [0x0000000780000000, 0x0000000785500000, 0x00000007d5500000)
  object space 87040K, 0% used [0x0000000780000000,0x0000000780008000,0x0000000785500000)
 PSPermGen       total 21504K, used 6824K [0x000000077ae00000, 0x000000077c300000, 0x0000000780000000)
  object space 21504K, 31% used [0x000000077ae00000,0x000000077b4aa2a0,0x000000077c300000)
Event: 5.289 GC heap after
Heap after GC invocations=5 (full 0):
 PSYoungGen      total 37888K, used 4558K [0x00000007d5500000, 0x00000007d7f80000, 0x0000000800000000)
  eden space 33280K, 0% used [0x00000007d5500000,0x00000007d5500000,0x00000007d7580000)
  from space 4608K, 98% used [0x00000007d7600000,0x00000007d7a73b60,0x00000007d7a80000)
  to   space 5120K, 0% used [0x00000007d7a80000,0x00000007d7a80000,0x00000007d7f80000)
 ParOldGen       total 87040K, used 40K [0x0000000780000000, 0x0000000785500000, 0x00000007d5500000)
  object space 87040K, 0% used [0x0000000780000000,0x000000078000a000,0x0000000785500000)
 PSPermGen       total 21504K, used 6824K [0x000000077ae00000, 0x000000077c300000, 0x0000000780000000)
  object space 21504K, 31% used [0x000000077ae00000,0x000000077b4aa2a0,0x000000077c300000)
}

Deoptimization events (0 events):
No events

Internal exceptions (10 events):
Event: 0.895 Thread 0x00007f8eca062800 Threw 0x00000007d612ce98 at /HUDSON/workspace/7u-2-build-macosx-x86_64/jdk7u51/527/hotspot/src/share/vm/prims/jvm.cpp:1244
Event: 0.897 Thread 0x00007f8eca062800 Threw 0x00000007d6132ce0 at /HUDSON/workspace/7u-2-build-macosx-x86_64/jdk7u51/527/hotspot/src/share/vm/prims/jvm.cpp:1244
Event: 0.914 Thread 0x00007f8eca062800 Threw 0x00000007d61aa090 at /HUDSON/workspace/7u-2-build-macosx-x86_64/jdk7u51/527/hotspot/src/share/vm/prims/jvm.cpp:1244
Event: 0.914 Thread 0x00007f8eca062800 Threw 0x00000007d61b0b40 at /HUDSON/workspace/7u-2-build-macosx-x86_64/jdk7u51/527/hotspot/src/share/vm/prims/jvm.cpp:1244
Event: 1.447 Thread 0x00007f8eca062800 Threw 0x00000007d7515048 at /HUDSON/workspace/7u-2-build-macosx-x86_64/jdk7u51/527/hotspot/src/share/vm/prims/jvm.cpp:1244
Event: 2.572 Thread 0x00007f8eca062800 Threw 0x00000007d593d238 at /HUDSON/workspace/7u-2-build-macosx-x86_64/jdk7u51/527/hotspot/src/share/vm/prims/jvm.cpp:1244
Event: 2.572 Thread 0x00007f8eca062800 Threw 0x00000007d5943288 at /HUDSON/workspace/7u-2-build-macosx-x86_64/jdk7u51/527/hotspot/src/share/vm/prims/jvm.cpp:1244
Event: 4.566 Thread 0x00007f8eca062800 Threw 0x00000007d591b7e0 at /HUDSON/workspace/7u-2-build-macosx-x86_64/jdk7u51/527/hotspot/src/share/vm/prims/jvm.cpp:1244
Event: 5.631 Thread 0x00007f8eca062800 Threw 0x00000007d61ee550 at /HUDSON/workspace/7u-2-build-macosx-x86_64/jdk7u51/527/hotspot/src/share/vm/prims/jvm.cpp:1244
Event: 5.694 Thread 0x00007f8eca062800 Threw 0x00000007d61f46c8 at /HUDSON/workspace/7u-2-build-macosx-x86_64/jdk7u51/527/hotspot/src/share/vm/prims/jvm.cpp:1244

Events (10 events):
Event: 5.292 Executing VM operation: RevokeBias
Event: 5.292 Executing VM operation: RevokeBias done
Event: 5.292 Executing VM operation: RevokeBias
Event: 5.292 Executing VM operation: RevokeBias done
Event: 5.292 Executing VM operation: BulkRevokeBias
Event: 5.292 Executing VM operation: BulkRevokeBias done
Event: 5.631 loading class 0x00007f8ec9c20410
Event: 5.631 loading class 0x00007f8ec9c20410 done
Event: 5.694 loading class 0x00007f8ec9f3c390
Event: 5.694 loading class 0x00007f8ec9f3c390 done


Dynamic libraries:
0x0000000000556000 	/System/Library/Frameworks/Cocoa.framework/Versions/A/Cocoa
0x0000000000556000 	/System/Library/Frameworks/Security.framework/Versions/A/Security
0x0000000000556000 	/System/Library/Frameworks/ApplicationServices.framework/Versions/A/ApplicationServices
0x0000000000556000 	/usr/lib/libz.1.dylib
0x0000000000556000 	/usr/lib/libSystem.B.dylib
0x0000000000556000 	/usr/lib/libobjc.A.dylib
0x0000000000556000 	/System/Library/Frameworks/CoreFoundation.framework/Versions/A/CoreFoundation
0x0000000000556000 	/System/Library/Frameworks/Foundation.framework/Versions/C/Foundation
0x0000000000556000 	/System/Library/Frameworks/AppKit.framework/Versions/C/AppKit
0x0000000000556000 	/System/Library/Frameworks/CoreData.framework/Versions/A/CoreData
0x0000000000556000 	/System/Library/PrivateFrameworks/RemoteViewServices.framework/Versions/A/RemoteViewServices
0x0000000000556000 	/System/Library/Frameworks/AudioToolbox.framework/Versions/A/AudioToolbox
0x0000000000556000 	/System/Library/Frameworks/AudioUnit.framework/Versions/A/AudioUnit
0x0000000000556000 	/System/Library/PrivateFrameworks/DataDetectorsCore.framework/Versions/A/DataDetectorsCore
0x0000000000556000 	/System/Library/PrivateFrameworks/DesktopServicesPriv.framework/Versions/A/DesktopServicesPriv
0x0000000000556000 	/System/Library/Frameworks/Carbon.framework/Versions/A/Frameworks/HIToolbox.framework/Versions/A/HIToolbox
0x0000000000556000 	/System/Library/Frameworks/QuartzCore.framework/Versions/A/QuartzCore
0x0000000000556000 	/System/Library/Frameworks/Carbon.framework/Versions/A/Frameworks/SpeechRecognition.framework/Versions/A/SpeechRecognition
0x0000000000556000 	/usr/lib/libauto.dylib
0x0000000000556000 	/usr/lib/libicucore.A.dylib
0x0000000000556000 	/usr/lib/libxml2.2.dylib
0x0000000000556000 	/System/Library/PrivateFrameworks/CoreUI.framework/Versions/A/CoreUI
0x0000000000556000 	/System/Library/Frameworks/CoreAudio.framework/Versions/A/CoreAudio
0x0000000000556000 	/System/Library/Frameworks/DiskArbitration.framework/Versions/A/DiskArbitration
0x0000000000556000 	/usr/lib/liblangid.dylib
0x0000000000556000 	/System/Library/PrivateFrameworks/MultitouchSupport.framework/Versions/A/MultitouchSupport
0x0000000000556000 	/System/Library/Frameworks/IOKit.framework/Versions/A/IOKit
0x0000000000556000 	/usr/lib/libDiagnosticMessagesClient.dylib
0x0000000000556000 	/System/Library/Frameworks/CoreServices.framework/Versions/A/CoreServices
0x0000000000556000 	/System/Library/PrivateFrameworks/PerformanceAnalysis.framework/Versions/A/PerformanceAnalysis
0x0000000000556000 	/System/Library/PrivateFrameworks/GenerationalStorage.framework/Versions/A/GenerationalStorage
0x0000000000556000 	/System/Library/Frameworks/OpenGL.framework/Versions/A/OpenGL
0x0000000000556000 	/System/Library/PrivateFrameworks/Sharing.framework/Versions/A/Sharing
0x0000000000556000 	/System/Library/Frameworks/ImageIO.framework/Versions/A/ImageIO
0x0000000000556000 	/System/Library/Frameworks/CoreText.framework/Versions/A/CoreText
0x0000000000556000 	/System/Library/Frameworks/CoreGraphics.framework/Versions/A/CoreGraphics
0x0000000000556000 	/System/Library/PrivateFrameworks/Backup.framework/Versions/A/Backup
0x0000000000556000 	/System/Library/Frameworks/CFNetwork.framework/Versions/A/CFNetwork
0x0000000000556000 	/System/Library/Frameworks/SystemConfiguration.framework/Versions/A/SystemConfiguration
0x0000000000556000 	/usr/lib/libCRFSuite.dylib
0x0000000000556000 	/usr/lib/libc++.1.dylib
0x0000000000556000 	/usr/lib/libc++abi.dylib
0x0000000000556000 	/usr/lib/system/libcache.dylib
0x0000000000556000 	/usr/lib/system/libcommonCrypto.dylib
0x0000000000556000 	/usr/lib/system/libcompiler_rt.dylib
0x0000000000556000 	/usr/lib/system/libcopyfile.dylib
0x0000000000556000 	/usr/lib/system/libcorecrypto.dylib
0x0000000000556000 	/usr/lib/system/libdispatch.dylib
0x0000000000556000 	/usr/lib/system/libdyld.dylib
0x0000000000556000 	/usr/lib/system/libkeymgr.dylib
0x0000000000556000 	/usr/lib/system/liblaunch.dylib
0x0000000000556000 	/usr/lib/system/libmacho.dylib
0x0000000000556000 	/usr/lib/system/libquarantine.dylib
0x0000000000556000 	/usr/lib/system/libremovefile.dylib
0x0000000000556000 	/usr/lib/system/libsystem_asl.dylib
0x0000000000556000 	/usr/lib/system/libsystem_blocks.dylib
0x0000000000556000 	/usr/lib/system/libsystem_c.dylib
0x0000000000556000 	/usr/lib/system/libsystem_configuration.dylib
0x0000000000556000 	/usr/lib/system/libsystem_dnssd.dylib
0x0000000000556000 	/usr/lib/system/libsystem_info.dylib
0x0000000000556000 	/usr/lib/system/libsystem_kernel.dylib
0x0000000000556000 	/usr/lib/system/libsystem_m.dylib
0x0000000000556000 	/usr/lib/system/libsystem_malloc.dylib
0x0000000000556000 	/usr/lib/system/libsystem_network.dylib
0x0000000000556000 	/usr/lib/system/libsystem_notify.dylib
0x0000000000556000 	/usr/lib/system/libsystem_platform.dylib
0x0000000000556000 	/usr/lib/system/libsystem_pthread.dylib
0x0000000000556000 	/usr/lib/system/libsystem_sandbox.dylib
0x0000000000556000 	/usr/lib/system/libsystem_stats.dylib
0x0000000000556000 	/usr/lib/system/libunc.dylib
0x0000000000556000 	/usr/lib/system/libunwind.dylib
0x0000000000556000 	/usr/lib/system/libxpc.dylib
0x0000000000556000 	/usr/lib/libbsm.0.dylib
0x0000000000556000 	/usr/lib/libsqlite3.dylib
0x0000000000556000 	/usr/lib/libxar.1.dylib
0x0000000000556000 	/usr/lib/libpam.2.dylib
0x0000000000556000 	/usr/lib/libOpenScriptingUtil.dylib
0x0000000000556000 	/usr/lib/libbz2.1.0.dylib
0x0000000000556000 	/System/Library/Frameworks/CoreServices.framework/Versions/A/Frameworks/CarbonCore.framework/Versions/A/CarbonCore
0x0000000000556000 	/System/Library/Frameworks/CoreServices.framework/Versions/A/Frameworks/Metadata.framework/Versions/A/Metadata
0x0000000000556000 	/System/Library/Frameworks/CoreServices.framework/Versions/A/Frameworks/OSServices.framework/Versions/A/OSServices
0x0000000000556000 	/System/Library/Frameworks/CoreServices.framework/Versions/A/Frameworks/SearchKit.framework/Versions/A/SearchKit
0x0000000000556000 	/System/Library/Frameworks/CoreServices.framework/Versions/A/Frameworks/AE.framework/Versions/A/AE
0x0000000000556000 	/System/Library/Frameworks/CoreServices.framework/Versions/A/Frameworks/LaunchServices.framework/Versions/A/LaunchServices
0x0000000000556000 	/System/Library/Frameworks/CoreServices.framework/Versions/A/Frameworks/DictionaryServices.framework/Versions/A/DictionaryServices
0x0000000000556000 	/System/Library/Frameworks/NetFS.framework/Versions/A/NetFS
0x0000000000556000 	/usr/lib/system/libkxld.dylib
0x0000000000556000 	/System/Library/PrivateFrameworks/NetAuth.framework/Versions/A/NetAuth
0x0000000000556000 	/System/Library/PrivateFrameworks/TCC.framework/Versions/A/TCC
0x0000000000556000 	/System/Library/Frameworks/OpenDirectory.framework/Versions/A/Frameworks/CFOpenDirectory.framework/Versions/A/CFOpenDirectory
0x0000000000556000 	/System/Library/Frameworks/ServiceManagement.framework/Versions/A/ServiceManagement
0x0000000000556000 	/usr/lib/libxslt.1.dylib
0x0000000000556000 	/System/Library/Frameworks/Carbon.framework/Versions/A/Frameworks/Ink.framework/Versions/A/Ink
0x0000000000556000 	/System/Library/Frameworks/ApplicationServices.framework/Versions/A/Frameworks/ATS.framework/Versions/A/ATS
0x0000000000556000 	/System/Library/Frameworks/ApplicationServices.framework/Versions/A/Frameworks/ColorSync.framework/Versions/A/ColorSync
0x0000000000556000 	/System/Library/Frameworks/ApplicationServices.framework/Versions/A/Frameworks/HIServices.framework/Versions/A/HIServices
0x0000000000556000 	/System/Library/Frameworks/ApplicationServices.framework/Versions/A/Frameworks/LangAnalysis.framework/Versions/A/LangAnalysis
0x0000000000556000 	/System/Library/Frameworks/ApplicationServices.framework/Versions/A/Frameworks/PrintCore.framework/Versions/A/PrintCore
0x0000000000556000 	/System/Library/Frameworks/ApplicationServices.framework/Versions/A/Frameworks/QD.framework/Versions/A/QD
0x0000000000556000 	/System/Library/Frameworks/ApplicationServices.framework/Versions/A/Frameworks/SpeechSynthesis.framework/Versions/A/SpeechSynthesis
0x0000000000556000 	/System/Library/Frameworks/IOSurface.framework/Versions/A/IOSurface
0x0000000000556000 	/System/Library/Frameworks/Accelerate.framework/Versions/A/Accelerate
0x0000000000556000 	/System/Library/Frameworks/Accelerate.framework/Versions/A/Frameworks/vImage.framework/Versions/A/vImage
0x0000000000556000 	/System/Library/Frameworks/Accelerate.framework/Versions/A/Frameworks/vecLib.framework/Versions/A/vecLib
0x0000000000556000 	/System/Library/Frameworks/Accelerate.framework/Versions/A/Frameworks/vecLib.framework/Versions/A/libvDSP.dylib
0x0000000000556000 	/System/Library/Frameworks/Accelerate.framework/Versions/A/Frameworks/vecLib.framework/Versions/A/libvMisc.dylib
0x0000000000556000 	/System/Library/Frameworks/Accelerate.framework/Versions/A/Frameworks/vecLib.framework/Versions/A/libLAPACK.dylib
0x0000000000556000 	/System/Library/Frameworks/Accelerate.framework/Versions/A/Frameworks/vecLib.framework/Versions/A/libBLAS.dylib
0x0000000000556000 	/System/Library/Frameworks/ApplicationServices.framework/Versions/A/Frameworks/ATS.framework/Versions/A/Resources/libFontParser.dylib
0x0000000000556000 	/System/Library/Frameworks/ApplicationServices.framework/Versions/A/Frameworks/ATS.framework/Versions/A/Resources/libFontRegistry.dylib
0x0000000000556000 	/System/Library/Frameworks/ImageIO.framework/Versions/A/Resources/libJPEG.dylib
0x0000000000556000 	/System/Library/Frameworks/ImageIO.framework/Versions/A/Resources/libTIFF.dylib
0x0000000000556000 	/System/Library/Frameworks/ImageIO.framework/Versions/A/Resources/libPng.dylib
0x0000000000556000 	/System/Library/Frameworks/ImageIO.framework/Versions/A/Resources/libGIF.dylib
0x0000000000556000 	/System/Library/Frameworks/ImageIO.framework/Versions/A/Resources/libJP2.dylib
0x0000000000556000 	/System/Library/Frameworks/ImageIO.framework/Versions/A/Resources/libRadiance.dylib
0x0000000000556000 	/usr/lib/libcups.2.dylib
0x0000000000556000 	/System/Library/Frameworks/Kerberos.framework/Versions/A/Kerberos
0x0000000000556000 	/System/Library/Frameworks/GSS.framework/Versions/A/GSS
0x0000000000556000 	/usr/lib/libresolv.9.dylib
0x0000000000556000 	/usr/lib/libiconv.2.dylib
0x0000000000556000 	/System/Library/PrivateFrameworks/Heimdal.framework/Versions/A/Heimdal
0x0000000000556000 	/System/Library/PrivateFrameworks/TrustEvaluationAgent.framework/Versions/A/TrustEvaluationAgent
0x0000000000556000 	/usr/lib/libheimdal-asn1.dylib
0x0000000000556000 	/System/Library/Frameworks/OpenDirectory.framework/Versions/A/OpenDirectory
0x0000000000556000 	/System/Library/PrivateFrameworks/CommonAuth.framework/Versions/A/CommonAuth
0x0000000000556000 	/System/Library/Frameworks/SecurityFoundation.framework/Versions/A/SecurityFoundation
0x0000000000556000 	/System/Library/PrivateFrameworks/Bom.framework/Versions/A/Bom
0x0000000000556000 	/System/Library/Frameworks/CoreVideo.framework/Versions/A/CoreVideo
0x0000000000556000 	/System/Library/Frameworks/QuartzCore.framework/Versions/A/Frameworks/CoreImage.framework/Versions/A/CoreImage
0x0000000000556000 	/System/Library/Frameworks/QuartzCore.framework/Versions/A/Frameworks/ScalableUserInterface.framework/Versions/A/ScalableUserInterface
0x0000000000556000 	/System/Library/Frameworks/OpenGL.framework/Versions/A/Libraries/libGLU.dylib
0x0000000000556000 	/System/Library/Frameworks/OpenGL.framework/Versions/A/Libraries/libGFXShared.dylib
0x0000000000556000 	/System/Library/Frameworks/OpenGL.framework/Versions/A/Libraries/libGL.dylib
0x0000000000556000 	/System/Library/Frameworks/OpenGL.framework/Versions/A/Libraries/libGLImage.dylib
0x0000000000556000 	/System/Library/Frameworks/OpenGL.framework/Versions/A/Libraries/libCVMSPluginSupport.dylib
0x0000000000556000 	/System/Library/Frameworks/OpenGL.framework/Versions/A/Libraries/libCoreVMClient.dylib
0x0000000000556000 	/System/Library/PrivateFrameworks/FaceCore.framework/Versions/A/FaceCore
0x0000000000556000 	/System/Library/PrivateFrameworks/CrashReporterSupport.framework/Versions/A/CrashReporterSupport
0x0000000000556000 	/System/Library/Frameworks/OpenCL.framework/Versions/A/OpenCL
0x0000000000556000 	/System/Library/PrivateFrameworks/AppleFSCompression.framework/Versions/A/AppleFSCompression
0x0000000000556000 	/System/Library/PrivateFrameworks/Ubiquity.framework/Versions/A/Ubiquity
0x0000000000556000 	/System/Library/PrivateFrameworks/IconServices.framework/Versions/A/IconServices
0x0000000000556000 	/System/Library/PrivateFrameworks/ChunkingLibrary.framework/Versions/A/ChunkingLibrary
0x0000000000556000 	/System/Library/PrivateFrameworks/CoreSymbolication.framework/Versions/A/CoreSymbolication
0x0000000000556000 	/System/Library/PrivateFrameworks/Symbolication.framework/Versions/A/Symbolication
0x0000000000556000 	/System/Library/PrivateFrameworks/DebugSymbols.framework/Versions/A/DebugSymbols
0x000000010fe00000 	/Library/Java/JavaVirtualMachines/jdk1.7.0_51.jdk/Contents/Home/jre/lib/server/libjvm.dylib
0x0000000000556000 	/usr/lib/libstdc++.6.dylib
0x000000010f596000 	/Library/Java/JavaVirtualMachines/jdk1.7.0_51.jdk/Contents/Home/jre/lib/libverify.dylib
0x000000010f5a3000 	/Library/Java/JavaVirtualMachines/jdk1.7.0_51.jdk/Contents/Home/jre/lib/libjava.dylib
0x000000010f5dd000 	/Library/Java/JavaVirtualMachines/jdk1.7.0_51.jdk/Contents/Home/jre/lib/libzip.dylib
0x000000010f5e7000 	/System/Library/Frameworks/JavaVM.framework/Frameworks/JavaRuntimeSupport.framework/JavaRuntimeSupport
0x000000011a1c2000 	/System/Library/Frameworks/JavaVM.framework/Versions/A/Frameworks/JavaNativeFoundation.framework/Versions/A/JavaNativeFoundation
0x000000011a1d7000 	/System/Library/Frameworks/JavaVM.framework/Versions/A/JavaVM
0x0000000000556000 	/System/Library/Frameworks/Carbon.framework/Versions/A/Carbon
0x000000011a1e4000 	/System/Library/PrivateFrameworks/JavaLaunching.framework/Versions/A/JavaLaunching
0x0000000000556000 	/System/Library/Frameworks/Carbon.framework/Versions/A/Frameworks/CommonPanels.framework/Versions/A/CommonPanels
0x0000000000556000 	/System/Library/Frameworks/Carbon.framework/Versions/A/Frameworks/Help.framework/Versions/A/Help
0x0000000000556000 	/System/Library/Frameworks/Carbon.framework/Versions/A/Frameworks/ImageCapture.framework/Versions/A/ImageCapture
0x0000000000556000 	/System/Library/Frameworks/Carbon.framework/Versions/A/Frameworks/OpenScripting.framework/Versions/A/OpenScripting
0x0000000000556000 	/System/Library/Frameworks/Carbon.framework/Versions/A/Frameworks/Print.framework/Versions/A/Print
0x0000000000556000 	/System/Library/Frameworks/Carbon.framework/Versions/A/Frameworks/SecurityHI.framework/Versions/A/SecurityHI
0x000000011a8ca000 	/private/var/folders/c2/jty02n5n57ngp2dgmrxxk_9w0000gn/T/libgdxstringhini/d8ae55ed/libgdx64.dylib
0x000000011a966000 	/Library/Java/JavaVirtualMachines/jdk1.7.0_51.jdk/Contents/Home/jre/lib/libawt.dylib
0x000000011aa15000 	/Library/Java/JavaVirtualMachines/jdk1.7.0_51.jdk/Contents/Home/jre/lib/./libmlib_image.dylib
0x000000011aae1000 	/Library/Java/JavaVirtualMachines/jdk1.7.0_51.jdk/Contents/Home/jre/lib/lwawt/liblwawt.dylib
0x000000011ab95000 	/Library/Java/JavaVirtualMachines/jdk1.7.0_51.jdk/Contents/Home/jre/lib/libosxapp.dylib
0x0000000000556000 	/System/Library/Frameworks/ExceptionHandling.framework/Versions/A/ExceptionHandling
0x0000000000556000 	/System/Library/PrivateFrameworks/CoreServicesInternal.framework/Versions/A/CoreServicesInternal
0x0000000000556000 	/System/Library/PrivateFrameworks/Librarian.framework/Versions/A/Librarian
0x000000011c3f7000 	/System/Library/Frameworks/CoreGraphics.framework/Versions/A/Resources/libCGCMS.A.dylib
0x000000011c408000 	/System/Library/Frameworks/CoreGraphics.framework/Versions/A/Resources/libRIP.A.dylib
0x000000011c5ca000 	/System/Library/Frameworks/CoreGraphics.framework/Versions/A/Resources/libCGXType.A.dylib
0x0000000000556000 	/System/Library/PrivateFrameworks/FamilyControls.framework/Versions/A/FamilyControls
0x0000000000556000 	/System/Library/PrivateFrameworks/CommerceKit.framework/Versions/A/Frameworks/CommerceCore.framework/Versions/A/CommerceCore
0x0000000000556000 	/System/Library/PrivateFrameworks/SystemAdministration.framework/Versions/A/SystemAdministration
0x0000000000556000 	/System/Library/Frameworks/DirectoryService.framework/Versions/A/DirectoryService
0x0000000000556000 	/System/Library/PrivateFrameworks/DiskImages.framework/Versions/A/DiskImages
0x0000000000556000 	/System/Library/PrivateFrameworks/LoginUIKit.framework/Versions/A/Frameworks/LoginUICore.framework/Versions/A/LoginUICore
0x0000000000556000 	/usr/lib/libCoreStorage.dylib
0x0000000000556000 	/usr/lib/libcsfde.dylib
0x0000000000556000 	/usr/lib/libodfde.dylib
0x0000000000556000 	/System/Library/Frameworks/DiscRecording.framework/Versions/A/DiscRecording
0x0000000000556000 	/usr/lib/libcurl.4.dylib
0x0000000000556000 	/System/Library/PrivateFrameworks/MediaKit.framework/Versions/A/MediaKit
0x0000000000556000 	/System/Library/PrivateFrameworks/EFILogin.framework/Versions/A/EFILogin
0x0000000000556000 	/usr/lib/libutil.dylib
0x0000000000556000 	/System/Library/PrivateFrameworks/AOSNotification.framework/Versions/A/AOSNotification
0x0000000000556000 	/System/Library/Frameworks/LDAP.framework/Versions/A/LDAP
0x0000000000556000 	/usr/lib/libsasl2.2.dylib
0x0000000000556000 	/usr/lib/libcrypto.0.9.8.dylib
0x0000000000556000 	/usr/lib/libssl.0.9.8.dylib
0x000000011f0ef000 	/Library/Java/JavaVirtualMachines/jdk1.7.0_51.jdk/Contents/Home/jre/lib/libfontmanager.dylib
0x000000011f156000 	/private/var/folders/c2/jty02n5n57ngp2dgmrxxk_9w0000gn/T/libgdxstringhini/f7649394/liblwjgl.dylib
0x000000011d713000 	/Library/Java/JavaVirtualMachines/jdk1.7.0_51.jdk/Contents/Home/jre/lib/libjawt.dylib
0x000000011f1d8000 	/var/folders/c2/jty02n5n57ngp2dgmrxxk_9w0000gn/T/libgdxstringhini/f7649394/openal.dylib
0x000000011f247000 	/System/Library/Components/CoreAudio.component/Contents/MacOS/CoreAudio
0x000000011f4c3000 	/System/Library/Extensions/AppleHDA.kext/Contents/PlugIns/AppleHDAHALPlugIn.bundle/Contents/MacOS/AppleHDAHALPlugIn
0x0000000000556000 	/System/Library/Frameworks/OpenGL.framework/Versions/A/Resources/GLEngine.bundle/GLEngine
0x0000000000556000 	/System/Library/Frameworks/OpenGL.framework/Versions/A/Libraries/libGLProgrammability.dylib
0x0000000000000000 	/System/Library/Extensions/AppleIntelHD5000GraphicsGLDriver.bundle/Contents/MacOS/AppleIntelHD5000GraphicsGLDriver
0x0000000000556000 	/System/Library/PrivateFrameworks/IOAccelerator.framework/Versions/A/IOAccelerator
0x0000000000556000 	/System/Library/PrivateFrameworks/GPUSupport.framework/Versions/A/Libraries/libGPUSupportMercury.dylib
0x0000000000556000 	/System/Library/Frameworks/OpenGL.framework/Versions/A/Resources/GLRendererFloat.bundle/GLRendererFloat
0x0000000000556000 	/System/Library/Frameworks/OpenCL.framework/Versions/A/Libraries/libcldcpuengine.dylib
0x000000011faa7000 	cl_kernels
0x0000000120af5000 	/System/Library/Frameworks/OpenCL.framework/Versions/A/Libraries/ImageFormats/unorm8_bgra.dylib
0x0000000120c30000 	cl_kernels
0x0000000120c35000 	cl_kernels
0x0000000120c21000 	cl_kernels
0x0000000120c37000 	/System/Library/Frameworks/OpenCL.framework/Versions/A/Libraries/ImageFormats/unorm8_argb.dylib

VM Arguments:
jvm_args: -Dfile.encoding=US-ASCII 
java_command: com.mygdx.Core.desktop.DesktopLauncher
Launcher Type: SUN_STANDARD

Environment Variables:
PATH=/usr/bin:/bin:/usr/sbin:/sbin
SHELL=/bin/bash
DISPLAY=/tmp/launch-gLBCxh/org.macosforge.xquartz:0

Signal Handlers:
SIGSEGV: [libjvm.dylib+0x525425], sa_mask[0]=0xfffefeff, sa_flags=0x00000043
SIGBUS: [libjvm.dylib+0x525425], sa_mask[0]=0xfffefeff, sa_flags=0x00000042
SIGFPE: [libjvm.dylib+0x41892a], sa_mask[0]=0xfffefeff, sa_flags=0x00000042
SIGPIPE: [libjvm.dylib+0x41892a], sa_mask[0]=0xfffefeff, sa_flags=0x00000042
SIGXFSZ: [libjvm.dylib+0x41892a], sa_mask[0]=0xfffefeff, sa_flags=0x00000042
SIGILL: [libjvm.dylib+0x41892a], sa_mask[0]=0xfffefeff, sa_flags=0x00000042
SIGUSR1: SIG_DFL, sa_mask[0]=0x00000000, sa_flags=0x00000002
SIGUSR2: [libjvm.dylib+0x41841c], sa_mask[0]=0x00000004, sa_flags=0x00000042
SIGHUP: [libjvm.dylib+0x4166ab], sa_mask[0]=0xfffefeff, sa_flags=0x00000042
SIGINT: [libjvm.dylib+0x4166ab], sa_mask[0]=0xfffefeff, sa_flags=0x00000042
SIGTERM: [libjvm.dylib+0x4166ab], sa_mask[0]=0xfffefeff, sa_flags=0x00000042
SIGQUIT: [libjvm.dylib+0x4166ab], sa_mask[0]=0xfffefeff, sa_flags=0x00000042


---------------  S Y S T E M  ---------------

OS:Bsduname:Darwin 13.4.0 Darwin Kernel Version 13.4.0: Wed Mar 18 16:20:14 PDT 2015; root:xnu-2422.115.14~1/RELEASE_X86_64 x86_64
rlimit: STACK 8192k, CORE 0k, NPROC 709, NOFILE 10240, AS infinity
load average:2.69 2.01 1.81

CPU:total 4 (2 cores per cpu, 2 threads per core) family 6 model 69 stepping 1, cmov, cx8, fxsr, mmx, sse, sse2, sse3, ssse3, sse4.1, sse4.2, popcnt, avx, avx2, aes, erms, ht, tsc, tscinvbit

Memory: 4k page, physical 8388608k(2097152k free)

/proc/meminfo:


vm_info: Java HotSpot(TM) 64-Bit Server VM (24.51-b03) for bsd-amd64 JRE (1.7.0_51-b13), built on Dec 18 2013 18:45:56 by "java_re" with gcc 4.2.1 (Based on Apple Inc. build 5658) (LLVM build 2336.11.00)

time: Mon Apr 13 01:18:24 2015
elapsed time: 5 seconds

