#
# A fatal error has been detected by the Java Runtime Environment:
#
#  SIGSEGV (0xb) at pc=0x00007fff8fd3a097, pid=12099, tid=1287
#
# JRE version: Java(TM) SE Runtime Environment (7.0_51-b13) (build 1.7.0_51-b13)
# Java VM: Java HotSpot(TM) 64-Bit Server VM (24.51-b03 mixed mode bsd-amd64 compressed oops)
# Problematic frame:
# C  [libobjc.A.dylib+0x5097]  objc_msgSend+0x17
#
# Failed to write core dump. Core dumps have been disabled. To enable core dumping, try "ulimit -c unlimited" before starting Java again
#
# If you would like to submit a bug report, please visit:
#   http://bugreport.sun.com/bugreport/crash.jsp
# The crash happened outside the Java Virtual Machine in native code.
# See problematic frame for where to report the bug.
#

---------------  T H R E A D  ---------------

Current thread (0x00007f87690e7000):  JavaThread "AppKit Thread" daemon [_thread_in_native, id=1287, stack(0x00007fff52315000,0x00007fff52395000)]

siginfo:si_signo=SIGSEGV: si_errno=0, si_code=0 (SEGV0), si_addr=0x0000000000000000

Registers:
RAX=0x00007f876873dd80, RBX=0x00000000000f42f7, RCX=0x0000000000000000, RDX=0x00007f87685267a0
RSP=0x00007fff5238f778, RBP=0x00007fff5238f780, RSI=0x00007fff8d8fab9f, RDI=0x00007f876873dd80
R8 =0x0000000000000040, R9 =0x00007fff5238f700, R10=0x00007fff8d8fab9f, R11=0x1000000000000000
R12=0x00000000000f42f7, R13=0x00007fff5238f948, R14=0x00007f876868be70, R15=0x00007fff5238f8a8
RIP=0x00007fff8fd3a097, EFLAGS=0x0000000000010246, ERR=0x0000000000000000
  TRAPNO=0x000000000000000d

Top of Stack: (sp=0x00007fff5238f778)
0x00007fff5238f778:   00007fff91f6ee0c 00007fff5238fae0
0x00007fff5238f788:   00007fff91e6282d 00007fff5238f870
0x00007fff5238f798:   00007fff86de96ca 00007fff5238f7d0
0x00007fff5238f7a8:   00007fff8fd52a02 00000000000007e0
0x00007fff5238f7b8:   00000000000f42f9 0000000000000002
0x00007fff5238f7c8:   00007f876867b160 00007f876865cf50
0x00007fff5238f7d8:   00007f8768512a10 00007f87685267a0
0x00007fff5238f7e8:   00007fff5238f8a0 0000000000000000
0x00007fff5238f7f8:   00000000000f42f7 0000000000000054
0x00007fff5238f808:   00007fff5238f920 0000000000000000
0x00007fff5238f818:   0000000000000001 00007f8768512a00
0x00007fff5238f828:   0000000000000052 0000000000080a89
0x00007fff5238f838:   0000010000000000 00007fff75ef5a60
0x00007fff5238f848:   00002060004e16ea 00007fff5238f9a0
0x00007fff5238f858:   0000000000000000 00007fff5238f938
0x00007fff5238f868:   00007fff5238f918 00007fff75ef5a48
0x00007fff5238f878:   0000000000000000 000000000000000b
0x00007fff5238f888:   00007fff8a4e16ea 00007fff77630d38
0x00007fff5238f898:   0000000000000000 00007f876867b1e0
0x00007fff5238f8a8:   00007f876868be70 00007fff88107b08
0x00007fff5238f8b8:   0000000000000000 00007fff5238f980
0x00007fff5238f8c8:   00007fff882b9dde 00007fff75e860d0
0x00007fff5238f8d8:   0000000042000000 00007fff882c21d1
0x00007fff5238f8e8:   00007fff75ed1b40 00007fff5238f9e8
0x00007fff5238f8f8:   00007fff5238f918 00007fff5238f938
0x00007fff5238f908:   0000000000000000 000000010d884001
0x00007fff5238f918:   0000000000000000 0000000000000050
0x00007fff5238f928:   0000000000000000 00000000000f42ed
0x00007fff5238f938:   0000000000000052 0000000000000000
0x00007fff5238f948:   00000000000f42f7 000000015238f9f0
0x00007fff5238f958:   00007fff8a4e2261 00007fff77a6c748
0x00007fff5238f968:   00007fff77a6c74c 0000000077a681b8 

Instructions: (pc=0x00007fff8fd3a097)
0x00007fff8fd3a077:   90 90 90 90 90 90 90 90 90 48 85 ff 2e 74 72 40
0x00007fff8fd3a087:   f6 c7 01 2e 0f 85 7e 00 00 00 4c 8b 1f 49 89 f2
0x00007fff8fd3a097:   45 23 53 18 49 c1 e2 04 4d 03 53 10 49 3b 32 75
0x00007fff8fd3a0a7:   04 41 ff 62 08 49 83 3a 00 74 74 4d 3b 53 10 74 

Register to memory mapping:

RAX=0x00007f876873dd80 is an unknown value
RBX=0x00000000000f42f7 is an unknown value
RCX=0x0000000000000000 is an unknown value
RDX=0x00007f87685267a0 is an unknown value
RSP=0x00007fff5238f778 is pointing into the stack for thread: 0x00007f87690e7000
RBP=0x00007fff5238f780 is pointing into the stack for thread: 0x00007f87690e7000
RSI=0x00007fff8d8fab9f: NSAppKitVersionNumber+0x5358f in /System/Library/Frameworks/AppKit.framework/Versions/C/AppKit at 0x00007fff8ce57000
RDI=0x00007f876873dd80 is an unknown value
R8 =0x0000000000000040 is an unknown value
R9 =0x00007fff5238f700 is pointing into the stack for thread: 0x00007f87690e7000
R10=0x00007fff8d8fab9f: NSAppKitVersionNumber+0x5358f in /System/Library/Frameworks/AppKit.framework/Versions/C/AppKit at 0x00007fff8ce57000
R11=0x1000000000000000 is an unknown value
R12=0x00000000000f42f7 is an unknown value
R13=0x00007fff5238f948 is pointing into the stack for thread: 0x00007f87690e7000
R14=0x00007f876868be70 is an unknown value
R15=0x00007fff5238f8a8 is pointing into the stack for thread: 0x00007f87690e7000


Stack: [0x00007fff52315000,0x00007fff52395000],  sp=0x00007fff5238f778,  free space=489k
Native frames: (J=compiled Java code, j=interpreted, Vv=VM code, C=native code)
C  [libobjc.A.dylib+0x5097]  objc_msgSend+0x17
C  [CoreFoundation+0x1082d]  _CFXNotificationPost+0xb4d
C  [Foundation+0x2dda]  -[NSNotificationCenter postNotificationName:object:userInfo:]+0x44
C  [AppKit+0x10f5a9]  -[NSSurface _disposeSurface]+0x98
C  [AppKit+0x10f045]  -[NSSurface setWindow:]+0x46
C  [AppKit+0x3af27]  -[NSView _setWindow:]+0x8ea
C  [AppKit+0x3bf7a]  -[NSView removeFromSuperview]+0x15e
C  [AppKit+0x986e9]  -[NSView removeFromSuperviewWithoutNeedingDisplay]+0x26
C  [liblwjgl.dylib+0xa205]  +[MacOSXKeyableWindow destroyWindow]+0xb5
C  [Foundation+0x6375e]  __NSThreadPerformPerform+0xe5
C  [CoreFoundation+0x7f5b1]  __CFRUNLOOP_IS_CALLING_OUT_TO_A_SOURCE0_PERFORM_FUNCTION__+0x11
C  [CoreFoundation+0x70c62]  __CFRunLoopDoSources0+0xf2
C  [CoreFoundation+0x703ef]  __CFRunLoopRun+0x33f
C  [CoreFoundation+0x6fe75]  CFRunLoopRunSpecific+0x135
C  [HIToolbox+0x2ea0d]  RunCurrentEventLoopInMode+0xe2
C  [HIToolbox+0x2e7b7]  ReceiveNextEventCommon+0x1df
C  [HIToolbox+0x2e5bc]  _BlockUntilNextEventMatchingListInModeWithFilter+0x41
C  [AppKit+0x2424e]  _DPSNextEvent+0x59a
C  [AppKit+0x2389b]  -[NSApplication nextEventMatchingMask:untilDate:inMode:dequeue:]+0x7a
C  [libosxapp.dylib+0x16f4]  -[NSApplicationAWT nextEventMatchingMask:untilDate:inMode:dequeue:]+0x7c
C  [AppKit+0x1799c]  -[NSApplication run]+0x229
C  [libosxapp.dylib+0x1557]  +[NSApplicationAWT runAWTLoopWithApp:]+0x9c
C  [liblwawt.dylib+0xdba9]  -[AWTStarter starter:]+0x369
C  [Foundation+0x6375e]  __NSThreadPerformPerform+0xe5
C  [CoreFoundation+0x7f5b1]  __CFRUNLOOP_IS_CALLING_OUT_TO_A_SOURCE0_PERFORM_FUNCTION__+0x11
C  [CoreFoundation+0x70c62]  __CFRunLoopDoSources0+0xf2
C  [CoreFoundation+0x703ef]  __CFRunLoopRun+0x33f
C  [CoreFoundation+0x6fe75]  CFRunLoopRunSpecific+0x135
C  [java+0x73b0]  CreateExecutionEnvironment+0x367
C  [java+0x1b5c]  JLI_Launch+0x7a0
C  [java+0x770d]  main+0x65
C  [java+0x13b4]  start+0x34


---------------  P R O C E S S  ---------------

Java Threads: ( => current thread )
  0x00007f87690d6800 JavaThread "DestroyJavaVM" [_thread_blocked, id=6915, stack(0x000000010ec54000,0x000000010ed54000)]
  0x00007f876914d000 JavaThread "LWJGL Application" [_thread_in_native, id=62467, stack(0x000000011d940000,0x000000011da40000)]
  0x00007f876885d800 JavaThread "AWT-Shutdown" [_thread_blocked, id=28171, stack(0x000000011a6dd000,0x000000011a7dd000)]
=>0x00007f87690e7000 JavaThread "AppKit Thread" daemon [_thread_in_native, id=1287, stack(0x00007fff52315000,0x00007fff52395000)]
  0x00007f8768813800 JavaThread "Service Thread" daemon [_thread_blocked, id=19459, stack(0x00000001189ef000,0x0000000118aef000)]
  0x00007f8768813000 JavaThread "C2 CompilerThread1" daemon [_thread_blocked, id=18947, stack(0x00000001188ec000,0x00000001189ec000)]
  0x00007f8768811800 JavaThread "C2 CompilerThread0" daemon [_thread_blocked, id=18435, stack(0x00000001187e9000,0x00000001188e9000)]
  0x00007f876880e000 JavaThread "Signal Dispatcher" daemon [_thread_blocked, id=17923, stack(0x00000001186e6000,0x00000001187e6000)]
  0x00007f8769038000 JavaThread "Finalizer" daemon [_thread_blocked, id=13059, stack(0x0000000118497000,0x0000000118597000)]
  0x00007f8769035800 JavaThread "Reference Handler" daemon [_thread_blocked, id=12547, stack(0x0000000118394000,0x0000000118494000)]

Other Threads:
  0x00007f876981e000 VMThread [stack: 0x0000000118291000,0x0000000118391000] [id=12035]
  0x00007f876880d800 WatcherThread [stack: 0x0000000118af2000,0x0000000118bf2000] [id=19971]

VM state:not at safepoint (normal execution)

VM Mutex/Monitor currently owned by a thread: None

Heap
 PSYoungGen      total 38912K, used 20050K [0x00000007d5500000, 0x00000007d8000000, 0x0000000800000000)
  eden space 33792K, 59% used [0x00000007d5500000,0x00000007d6894b30,0x00000007d7600000)
  from space 5120K, 0% used [0x00000007d7b00000,0x00000007d7b00000,0x00000007d8000000)
  to   space 5120K, 0% used [0x00000007d7600000,0x00000007d7600000,0x00000007d7b00000)
 ParOldGen       total 87040K, used 0K [0x0000000780000000, 0x0000000785500000, 0x00000007d5500000)
  object space 87040K, 0% used [0x0000000780000000,0x0000000780000000,0x0000000785500000)
 PSPermGen       total 21504K, used 7024K [0x000000077ae00000, 0x000000077c300000, 0x0000000780000000)
  object space 21504K, 32% used [0x000000077ae00000,0x000000077b4dc0f0,0x000000077c300000)

Card table byte_map: [0x0000000111e16000,0x0000000112240000] byte_map_base: 0x000000010e23f000

Polling page: 0x000000010d9bc000

Code Cache  [0x000000010ed56000, 0x000000010efc6000, 0x0000000111d56000)
 total_blobs=414 nmethods=58 adapters=310 free_code_cache=48575Kb largest_free_block=49719232

Compilation events (10 events):
Event: 4.362 Thread 0x00007f8768813000   53             com.badlogic.gdx.graphics.g2d.BitmapFontCache::addToCache (823 bytes)
Event: 4.384 Thread 0x00007f8768813000 nmethod 53 0x000000010ede7850 code [0x000000010ede7b40, 0x000000010ede8e78]
Event: 4.445 Thread 0x00007f8768811800   54             java.nio.Buffer::checkIndex (22 bytes)
Event: 4.446 Thread 0x00007f8768811800 nmethod 54 0x000000010eddc7d0 code [0x000000010eddc900, 0x000000010eddc978]
Event: 4.795 Thread 0x00007f8768813000   56             java.nio.Buffer::position (43 bytes)
Event: 4.796 Thread 0x00007f8768813000 nmethod 56 0x000000010edea0d0 code [0x000000010edea200, 0x000000010edea298]
Event: 4.844 Thread 0x00007f8768811800   57             java.nio.Buffer::position (5 bytes)
Event: 4.845 Thread 0x00007f8768811800 nmethod 57 0x000000010ede1550 code [0x000000010ede1680, 0x000000010ede16d8]
Event: 5.264 Thread 0x00007f8768813000   58             java.util.HashMap::getEntry (86 bytes)
Event: 5.268 Thread 0x00007f8768813000 nmethod 58 0x000000010eddbed0 code [0x000000010eddc040, 0x000000010eddc268]

GC Heap History (0 events):
No events

Deoptimization events (0 events):
No events

Internal exceptions (10 events):
Event: 1.045 Thread 0x00007f876914d000 Threw 0x00000007d665bce0 at /HUDSON/workspace/7u-2-build-macosx-x86_64/jdk7u51/527/hotspot/src/share/vm/prims/jvm.cpp:1244
Event: 1.046 Thread 0x00007f876914d000 Threw 0x00000007d6664460 at /HUDSON/workspace/7u-2-build-macosx-x86_64/jdk7u51/527/hotspot/src/share/vm/prims/jvm.cpp:1244
Event: 1.047 Thread 0x00007f876914d000 Threw 0x00000007d666c2d0 at /HUDSON/workspace/7u-2-build-macosx-x86_64/jdk7u51/527/hotspot/src/share/vm/prims/jvm.cpp:1244
Event: 1.048 Thread 0x00007f876914d000 Threw 0x00000007d6674750 at /HUDSON/workspace/7u-2-build-macosx-x86_64/jdk7u51/527/hotspot/src/share/vm/prims/jvm.cpp:1244
Event: 1.048 Thread 0x00007f876914d000 Threw 0x00000007d667a5d0 at /HUDSON/workspace/7u-2-build-macosx-x86_64/jdk7u51/527/hotspot/src/share/vm/prims/jvm.cpp:1244
Event: 3.095 Thread 0x00007f876914d000 Threw 0x00000007d677dda8 at /HUDSON/workspace/7u-2-build-macosx-x86_64/jdk7u51/527/hotspot/src/share/vm/prims/jvm.cpp:1244
Event: 5.262 Thread 0x00007f876914d000 Threw 0x00000007d6784e68 at /HUDSON/workspace/7u-2-build-macosx-x86_64/jdk7u51/527/hotspot/src/share/vm/prims/jvm.cpp:1244
Event: 5.264 Thread 0x00007f876914d000 Threw 0x00000007d678b380 at /HUDSON/workspace/7u-2-build-macosx-x86_64/jdk7u51/527/hotspot/src/share/vm/prims/jvm.cpp:1244
Event: 5.264 Thread 0x00007f876914d000 Threw 0x00000007d67918b8 at /HUDSON/workspace/7u-2-build-macosx-x86_64/jdk7u51/527/hotspot/src/share/vm/prims/jvm.cpp:1244
Event: 5.273 Thread 0x00007f876914d000 Threw 0x00000007d6798520 at /HUDSON/workspace/7u-2-build-macosx-x86_64/jdk7u51/527/hotspot/src/share/vm/prims/jvm.cpp:1244

Events (10 events):
Event: 5.262 loading class 0x00007f8768705f80
Event: 5.262 loading class 0x00007f8768705f80 done
Event: 5.263 loading class 0x00007f87687048a0
Event: 5.263 loading class 0x00007f87687048a0 done
Event: 5.264 loading class 0x00007f8768704950
Event: 5.264 loading class 0x00007f8768704950 done
Event: 5.265 loading class 0x0000000117027ce0
Event: 5.265 loading class 0x0000000117027ce0 done
Event: 5.273 loading class 0x00007f8768747d20
Event: 5.273 loading class 0x00007f8768747d20 done


Dynamic libraries:
0x0000000005977000 	/System/Library/Frameworks/Cocoa.framework/Versions/A/Cocoa
0x0000000005977000 	/System/Library/Frameworks/Security.framework/Versions/A/Security
0x0000000005977000 	/System/Library/Frameworks/ApplicationServices.framework/Versions/A/ApplicationServices
0x0000000005977000 	/usr/lib/libz.1.dylib
0x0000000005977000 	/usr/lib/libSystem.B.dylib
0x0000000005977000 	/usr/lib/libobjc.A.dylib
0x0000000005977000 	/System/Library/Frameworks/CoreFoundation.framework/Versions/A/CoreFoundation
0x0000000005977000 	/System/Library/Frameworks/Foundation.framework/Versions/C/Foundation
0x0000000005977000 	/System/Library/Frameworks/AppKit.framework/Versions/C/AppKit
0x0000000005977000 	/System/Library/Frameworks/CoreData.framework/Versions/A/CoreData
0x0000000005977000 	/System/Library/PrivateFrameworks/RemoteViewServices.framework/Versions/A/RemoteViewServices
0x0000000005977000 	/System/Library/Frameworks/AudioToolbox.framework/Versions/A/AudioToolbox
0x0000000005977000 	/System/Library/Frameworks/AudioUnit.framework/Versions/A/AudioUnit
0x0000000005977000 	/System/Library/PrivateFrameworks/DataDetectorsCore.framework/Versions/A/DataDetectorsCore
0x0000000005977000 	/System/Library/PrivateFrameworks/DesktopServicesPriv.framework/Versions/A/DesktopServicesPriv
0x0000000005977000 	/System/Library/Frameworks/Carbon.framework/Versions/A/Frameworks/HIToolbox.framework/Versions/A/HIToolbox
0x0000000005977000 	/System/Library/Frameworks/QuartzCore.framework/Versions/A/QuartzCore
0x0000000005977000 	/System/Library/Frameworks/Carbon.framework/Versions/A/Frameworks/SpeechRecognition.framework/Versions/A/SpeechRecognition
0x0000000005977000 	/usr/lib/libauto.dylib
0x0000000005977000 	/usr/lib/libicucore.A.dylib
0x0000000005977000 	/usr/lib/libxml2.2.dylib
0x0000000005977000 	/System/Library/PrivateFrameworks/CoreUI.framework/Versions/A/CoreUI
0x0000000005977000 	/System/Library/Frameworks/CoreAudio.framework/Versions/A/CoreAudio
0x0000000005977000 	/System/Library/Frameworks/DiskArbitration.framework/Versions/A/DiskArbitration
0x0000000005977000 	/usr/lib/liblangid.dylib
0x0000000005977000 	/System/Library/PrivateFrameworks/MultitouchSupport.framework/Versions/A/MultitouchSupport
0x0000000005977000 	/System/Library/Frameworks/IOKit.framework/Versions/A/IOKit
0x0000000005977000 	/usr/lib/libDiagnosticMessagesClient.dylib
0x0000000005977000 	/System/Library/Frameworks/CoreServices.framework/Versions/A/CoreServices
0x0000000005977000 	/System/Library/PrivateFrameworks/PerformanceAnalysis.framework/Versions/A/PerformanceAnalysis
0x0000000005977000 	/System/Library/PrivateFrameworks/GenerationalStorage.framework/Versions/A/GenerationalStorage
0x0000000005977000 	/System/Library/Frameworks/OpenGL.framework/Versions/A/OpenGL
0x0000000005977000 	/System/Library/PrivateFrameworks/Sharing.framework/Versions/A/Sharing
0x0000000005977000 	/System/Library/Frameworks/ImageIO.framework/Versions/A/ImageIO
0x0000000005977000 	/System/Library/Frameworks/CoreText.framework/Versions/A/CoreText
0x0000000005977000 	/System/Library/Frameworks/CoreGraphics.framework/Versions/A/CoreGraphics
0x0000000005977000 	/System/Library/PrivateFrameworks/Backup.framework/Versions/A/Backup
0x0000000005977000 	/System/Library/Frameworks/CFNetwork.framework/Versions/A/CFNetwork
0x0000000005977000 	/System/Library/Frameworks/SystemConfiguration.framework/Versions/A/SystemConfiguration
0x0000000005977000 	/usr/lib/libCRFSuite.dylib
0x0000000005977000 	/usr/lib/libc++.1.dylib
0x0000000005977000 	/usr/lib/libc++abi.dylib
0x0000000005977000 	/usr/lib/system/libcache.dylib
0x0000000005977000 	/usr/lib/system/libcommonCrypto.dylib
0x0000000005977000 	/usr/lib/system/libcompiler_rt.dylib
0x0000000005977000 	/usr/lib/system/libcopyfile.dylib
0x0000000005977000 	/usr/lib/system/libcorecrypto.dylib
0x0000000005977000 	/usr/lib/system/libdispatch.dylib
0x0000000005977000 	/usr/lib/system/libdyld.dylib
0x0000000005977000 	/usr/lib/system/libkeymgr.dylib
0x0000000005977000 	/usr/lib/system/liblaunch.dylib
0x0000000005977000 	/usr/lib/system/libmacho.dylib
0x0000000005977000 	/usr/lib/system/libquarantine.dylib
0x0000000005977000 	/usr/lib/system/libremovefile.dylib
0x0000000005977000 	/usr/lib/system/libsystem_asl.dylib
0x0000000005977000 	/usr/lib/system/libsystem_blocks.dylib
0x0000000005977000 	/usr/lib/system/libsystem_c.dylib
0x0000000005977000 	/usr/lib/system/libsystem_configuration.dylib
0x0000000005977000 	/usr/lib/system/libsystem_dnssd.dylib
0x0000000005977000 	/usr/lib/system/libsystem_info.dylib
0x0000000005977000 	/usr/lib/system/libsystem_kernel.dylib
0x0000000005977000 	/usr/lib/system/libsystem_m.dylib
0x0000000005977000 	/usr/lib/system/libsystem_malloc.dylib
0x0000000005977000 	/usr/lib/system/libsystem_network.dylib
0x0000000005977000 	/usr/lib/system/libsystem_notify.dylib
0x0000000005977000 	/usr/lib/system/libsystem_platform.dylib
0x0000000005977000 	/usr/lib/system/libsystem_pthread.dylib
0x0000000005977000 	/usr/lib/system/libsystem_sandbox.dylib
0x0000000005977000 	/usr/lib/system/libsystem_stats.dylib
0x0000000005977000 	/usr/lib/system/libunc.dylib
0x0000000005977000 	/usr/lib/system/libunwind.dylib
0x0000000005977000 	/usr/lib/system/libxpc.dylib
0x0000000005977000 	/usr/lib/libbsm.0.dylib
0x0000000005977000 	/usr/lib/libsqlite3.dylib
0x0000000005977000 	/usr/lib/libxar.1.dylib
0x0000000005977000 	/usr/lib/libpam.2.dylib
0x0000000005977000 	/usr/lib/libOpenScriptingUtil.dylib
0x0000000005977000 	/usr/lib/libbz2.1.0.dylib
0x0000000005977000 	/System/Library/Frameworks/CoreServices.framework/Versions/A/Frameworks/CarbonCore.framework/Versions/A/CarbonCore
0x0000000005977000 	/System/Library/Frameworks/CoreServices.framework/Versions/A/Frameworks/Metadata.framework/Versions/A/Metadata
0x0000000005977000 	/System/Library/Frameworks/CoreServices.framework/Versions/A/Frameworks/OSServices.framework/Versions/A/OSServices
0x0000000005977000 	/System/Library/Frameworks/CoreServices.framework/Versions/A/Frameworks/SearchKit.framework/Versions/A/SearchKit
0x0000000005977000 	/System/Library/Frameworks/CoreServices.framework/Versions/A/Frameworks/AE.framework/Versions/A/AE
0x0000000005977000 	/System/Library/Frameworks/CoreServices.framework/Versions/A/Frameworks/LaunchServices.framework/Versions/A/LaunchServices
0x0000000005977000 	/System/Library/Frameworks/CoreServices.framework/Versions/A/Frameworks/DictionaryServices.framework/Versions/A/DictionaryServices
0x0000000005977000 	/System/Library/Frameworks/NetFS.framework/Versions/A/NetFS
0x0000000005977000 	/usr/lib/system/libkxld.dylib
0x0000000005977000 	/System/Library/PrivateFrameworks/NetAuth.framework/Versions/A/NetAuth
0x0000000005977000 	/System/Library/PrivateFrameworks/TCC.framework/Versions/A/TCC
0x0000000005977000 	/System/Library/Frameworks/OpenDirectory.framework/Versions/A/Frameworks/CFOpenDirectory.framework/Versions/A/CFOpenDirectory
0x0000000005977000 	/System/Library/Frameworks/ServiceManagement.framework/Versions/A/ServiceManagement
0x0000000005977000 	/usr/lib/libxslt.1.dylib
0x0000000005977000 	/System/Library/Frameworks/Carbon.framework/Versions/A/Frameworks/Ink.framework/Versions/A/Ink
0x0000000005977000 	/System/Library/Frameworks/ApplicationServices.framework/Versions/A/Frameworks/ATS.framework/Versions/A/ATS
0x0000000005977000 	/System/Library/Frameworks/ApplicationServices.framework/Versions/A/Frameworks/ColorSync.framework/Versions/A/ColorSync
0x0000000005977000 	/System/Library/Frameworks/ApplicationServices.framework/Versions/A/Frameworks/HIServices.framework/Versions/A/HIServices
0x0000000005977000 	/System/Library/Frameworks/ApplicationServices.framework/Versions/A/Frameworks/LangAnalysis.framework/Versions/A/LangAnalysis
0x0000000005977000 	/System/Library/Frameworks/ApplicationServices.framework/Versions/A/Frameworks/PrintCore.framework/Versions/A/PrintCore
0x0000000005977000 	/System/Library/Frameworks/ApplicationServices.framework/Versions/A/Frameworks/QD.framework/Versions/A/QD
0x0000000005977000 	/System/Library/Frameworks/ApplicationServices.framework/Versions/A/Frameworks/SpeechSynthesis.framework/Versions/A/SpeechSynthesis
0x0000000005977000 	/System/Library/Frameworks/IOSurface.framework/Versions/A/IOSurface
0x0000000005977000 	/System/Library/Frameworks/Accelerate.framework/Versions/A/Accelerate
0x0000000005977000 	/System/Library/Frameworks/Accelerate.framework/Versions/A/Frameworks/vImage.framework/Versions/A/vImage
0x0000000005977000 	/System/Library/Frameworks/Accelerate.framework/Versions/A/Frameworks/vecLib.framework/Versions/A/vecLib
0x0000000005977000 	/System/Library/Frameworks/Accelerate.framework/Versions/A/Frameworks/vecLib.framework/Versions/A/libvDSP.dylib
0x0000000005977000 	/System/Library/Frameworks/Accelerate.framework/Versions/A/Frameworks/vecLib.framework/Versions/A/libvMisc.dylib
0x0000000005977000 	/System/Library/Frameworks/Accelerate.framework/Versions/A/Frameworks/vecLib.framework/Versions/A/libLAPACK.dylib
0x0000000005977000 	/System/Library/Frameworks/Accelerate.framework/Versions/A/Frameworks/vecLib.framework/Versions/A/libBLAS.dylib
0x0000000005977000 	/System/Library/Frameworks/ApplicationServices.framework/Versions/A/Frameworks/ATS.framework/Versions/A/Resources/libFontParser.dylib
0x0000000005977000 	/System/Library/Frameworks/ApplicationServices.framework/Versions/A/Frameworks/ATS.framework/Versions/A/Resources/libFontRegistry.dylib
0x0000000005977000 	/System/Library/Frameworks/ImageIO.framework/Versions/A/Resources/libJPEG.dylib
0x0000000005977000 	/System/Library/Frameworks/ImageIO.framework/Versions/A/Resources/libTIFF.dylib
0x0000000005977000 	/System/Library/Frameworks/ImageIO.framework/Versions/A/Resources/libPng.dylib
0x0000000005977000 	/System/Library/Frameworks/ImageIO.framework/Versions/A/Resources/libGIF.dylib
0x0000000005977000 	/System/Library/Frameworks/ImageIO.framework/Versions/A/Resources/libJP2.dylib
0x0000000005977000 	/System/Library/Frameworks/ImageIO.framework/Versions/A/Resources/libRadiance.dylib
0x0000000005977000 	/usr/lib/libcups.2.dylib
0x0000000005977000 	/System/Library/Frameworks/Kerberos.framework/Versions/A/Kerberos
0x0000000005977000 	/System/Library/Frameworks/GSS.framework/Versions/A/GSS
0x0000000005977000 	/usr/lib/libresolv.9.dylib
0x0000000005977000 	/usr/lib/libiconv.2.dylib
0x0000000005977000 	/System/Library/PrivateFrameworks/Heimdal.framework/Versions/A/Heimdal
0x0000000005977000 	/System/Library/PrivateFrameworks/TrustEvaluationAgent.framework/Versions/A/TrustEvaluationAgent
0x0000000005977000 	/usr/lib/libheimdal-asn1.dylib
0x0000000005977000 	/System/Library/Frameworks/OpenDirectory.framework/Versions/A/OpenDirectory
0x0000000005977000 	/System/Library/PrivateFrameworks/CommonAuth.framework/Versions/A/CommonAuth
0x0000000005977000 	/System/Library/Frameworks/SecurityFoundation.framework/Versions/A/SecurityFoundation
0x0000000005977000 	/System/Library/PrivateFrameworks/Bom.framework/Versions/A/Bom
0x0000000005977000 	/System/Library/Frameworks/CoreVideo.framework/Versions/A/CoreVideo
0x0000000005977000 	/System/Library/Frameworks/QuartzCore.framework/Versions/A/Frameworks/CoreImage.framework/Versions/A/CoreImage
0x0000000005977000 	/System/Library/Frameworks/QuartzCore.framework/Versions/A/Frameworks/ScalableUserInterface.framework/Versions/A/ScalableUserInterface
0x0000000005977000 	/System/Library/Frameworks/OpenGL.framework/Versions/A/Libraries/libGLU.dylib
0x0000000005977000 	/System/Library/Frameworks/OpenGL.framework/Versions/A/Libraries/libGFXShared.dylib
0x0000000005977000 	/System/Library/Frameworks/OpenGL.framework/Versions/A/Libraries/libGL.dylib
0x0000000005977000 	/System/Library/Frameworks/OpenGL.framework/Versions/A/Libraries/libGLImage.dylib
0x0000000005977000 	/System/Library/Frameworks/OpenGL.framework/Versions/A/Libraries/libCVMSPluginSupport.dylib
0x0000000005977000 	/System/Library/Frameworks/OpenGL.framework/Versions/A/Libraries/libCoreVMClient.dylib
0x0000000005977000 	/System/Library/PrivateFrameworks/FaceCore.framework/Versions/A/FaceCore
0x0000000005977000 	/System/Library/PrivateFrameworks/CrashReporterSupport.framework/Versions/A/CrashReporterSupport
0x0000000005977000 	/System/Library/Frameworks/OpenCL.framework/Versions/A/OpenCL
0x0000000005977000 	/System/Library/PrivateFrameworks/AppleFSCompression.framework/Versions/A/AppleFSCompression
0x0000000005977000 	/System/Library/PrivateFrameworks/Ubiquity.framework/Versions/A/Ubiquity
0x0000000005977000 	/System/Library/PrivateFrameworks/IconServices.framework/Versions/A/IconServices
0x0000000005977000 	/System/Library/PrivateFrameworks/ChunkingLibrary.framework/Versions/A/ChunkingLibrary
0x0000000005977000 	/System/Library/PrivateFrameworks/CoreSymbolication.framework/Versions/A/CoreSymbolication
0x0000000005977000 	/System/Library/PrivateFrameworks/Symbolication.framework/Versions/A/Symbolication
0x0000000005977000 	/System/Library/PrivateFrameworks/DebugSymbols.framework/Versions/A/DebugSymbols
0x000000010e200000 	/Library/Java/JavaVirtualMachines/jdk1.7.0_51.jdk/Contents/Home/jre/lib/server/libjvm.dylib
0x0000000005977000 	/usr/lib/libstdc++.6.dylib
0x000000010d97f000 	/Library/Java/JavaVirtualMachines/jdk1.7.0_51.jdk/Contents/Home/jre/lib/libverify.dylib
0x000000010d98c000 	/Library/Java/JavaVirtualMachines/jdk1.7.0_51.jdk/Contents/Home/jre/lib/libjava.dylib
0x000000010d9c6000 	/Library/Java/JavaVirtualMachines/jdk1.7.0_51.jdk/Contents/Home/jre/lib/libzip.dylib
0x0000000118599000 	/System/Library/Frameworks/JavaVM.framework/Frameworks/JavaRuntimeSupport.framework/JavaRuntimeSupport
0x00000001185b1000 	/System/Library/Frameworks/JavaVM.framework/Versions/A/Frameworks/JavaNativeFoundation.framework/Versions/A/JavaNativeFoundation
0x00000001185c6000 	/System/Library/Frameworks/JavaVM.framework/Versions/A/JavaVM
0x0000000005977000 	/System/Library/Frameworks/Carbon.framework/Versions/A/Carbon
0x00000001185d3000 	/System/Library/PrivateFrameworks/JavaLaunching.framework/Versions/A/JavaLaunching
0x0000000005977000 	/System/Library/Frameworks/Carbon.framework/Versions/A/Frameworks/CommonPanels.framework/Versions/A/CommonPanels
0x0000000005977000 	/System/Library/Frameworks/Carbon.framework/Versions/A/Frameworks/Help.framework/Versions/A/Help
0x0000000005977000 	/System/Library/Frameworks/Carbon.framework/Versions/A/Frameworks/ImageCapture.framework/Versions/A/ImageCapture
0x0000000005977000 	/System/Library/Frameworks/Carbon.framework/Versions/A/Frameworks/OpenScripting.framework/Versions/A/OpenScripting
0x0000000005977000 	/System/Library/Frameworks/Carbon.framework/Versions/A/Frameworks/Print.framework/Versions/A/Print
0x0000000005977000 	/System/Library/Frameworks/Carbon.framework/Versions/A/Frameworks/SecurityHI.framework/Versions/A/SecurityHI
0x0000000118cb3000 	/private/var/folders/c2/jty02n5n57ngp2dgmrxxk_9w0000gn/T/libgdxstringhini/d8ae55ed/libgdx64.dylib
0x0000000118d4f000 	/Library/Java/JavaVirtualMachines/jdk1.7.0_51.jdk/Contents/Home/jre/lib/libawt.dylib
0x0000000118dfe000 	/Library/Java/JavaVirtualMachines/jdk1.7.0_51.jdk/Contents/Home/jre/lib/./libmlib_image.dylib
0x0000000118eca000 	/Library/Java/JavaVirtualMachines/jdk1.7.0_51.jdk/Contents/Home/jre/lib/lwawt/liblwawt.dylib
0x0000000118f7e000 	/Library/Java/JavaVirtualMachines/jdk1.7.0_51.jdk/Contents/Home/jre/lib/libosxapp.dylib
0x0000000005977000 	/System/Library/Frameworks/ExceptionHandling.framework/Versions/A/ExceptionHandling
0x0000000005977000 	/System/Library/PrivateFrameworks/CoreServicesInternal.framework/Versions/A/CoreServicesInternal
0x0000000005977000 	/System/Library/PrivateFrameworks/Librarian.framework/Versions/A/Librarian
0x0000000005977000 	/System/Library/Frameworks/CoreGraphics.framework/Versions/A/Resources/libCGCMS.A.dylib
0x0000000005977000 	/System/Library/Frameworks/CoreGraphics.framework/Versions/A/Resources/libRIP.A.dylib
0x0000000005977000 	/System/Library/Frameworks/CoreGraphics.framework/Versions/A/Resources/libCGXType.A.dylib
0x0000000005977000 	/System/Library/PrivateFrameworks/FamilyControls.framework/Versions/A/FamilyControls
0x0000000005977000 	/System/Library/PrivateFrameworks/CommerceKit.framework/Versions/A/Frameworks/CommerceCore.framework/Versions/A/CommerceCore
0x0000000005977000 	/System/Library/PrivateFrameworks/SystemAdministration.framework/Versions/A/SystemAdministration
0x0000000005977000 	/System/Library/Frameworks/DirectoryService.framework/Versions/A/DirectoryService
0x0000000005977000 	/System/Library/PrivateFrameworks/DiskImages.framework/Versions/A/DiskImages
0x0000000005977000 	/System/Library/PrivateFrameworks/LoginUIKit.framework/Versions/A/Frameworks/LoginUICore.framework/Versions/A/LoginUICore
0x0000000005977000 	/usr/lib/libCoreStorage.dylib
0x0000000005977000 	/usr/lib/libcsfde.dylib
0x0000000005977000 	/usr/lib/libodfde.dylib
0x0000000005977000 	/System/Library/Frameworks/DiscRecording.framework/Versions/A/DiscRecording
0x0000000005977000 	/usr/lib/libcurl.4.dylib
0x0000000005977000 	/System/Library/PrivateFrameworks/MediaKit.framework/Versions/A/MediaKit
0x0000000005977000 	/System/Library/PrivateFrameworks/EFILogin.framework/Versions/A/EFILogin
0x0000000005977000 	/usr/lib/libutil.dylib
0x0000000005977000 	/System/Library/PrivateFrameworks/AOSNotification.framework/Versions/A/AOSNotification
0x0000000005977000 	/System/Library/Frameworks/LDAP.framework/Versions/A/LDAP
0x0000000005977000 	/usr/lib/libsasl2.2.dylib
0x0000000005977000 	/usr/lib/libcrypto.0.9.8.dylib
0x0000000005977000 	/usr/lib/libssl.0.9.8.dylib
0x000000011d4d6000 	/Library/Java/JavaVirtualMachines/jdk1.7.0_51.jdk/Contents/Home/jre/lib/libfontmanager.dylib
0x000000011d53d000 	/private/var/folders/c2/jty02n5n57ngp2dgmrxxk_9w0000gn/T/libgdxstringhini/f7649394/liblwjgl.dylib
0x000000011a97a000 	/Library/Java/JavaVirtualMachines/jdk1.7.0_51.jdk/Contents/Home/jre/lib/libjawt.dylib
0x000000011d5bf000 	/var/folders/c2/jty02n5n57ngp2dgmrxxk_9w0000gn/T/libgdxstringhini/f7649394/openal.dylib
0x000000011d61b000 	/System/Library/Components/CoreAudio.component/Contents/MacOS/CoreAudio
0x000000011a9a5000 	/System/Library/Extensions/AppleHDA.kext/Contents/PlugIns/AppleHDAHALPlugIn.bundle/Contents/MacOS/AppleHDAHALPlugIn
0x0000000005977000 	/System/Library/Frameworks/OpenGL.framework/Versions/A/Resources/GLEngine.bundle/GLEngine
0x0000000005977000 	/System/Library/Frameworks/OpenGL.framework/Versions/A/Libraries/libGLProgrammability.dylib
0x0000000000000000 	/System/Library/Extensions/AppleIntelHD5000GraphicsGLDriver.bundle/Contents/MacOS/AppleIntelHD5000GraphicsGLDriver
0x0000000005977000 	/System/Library/PrivateFrameworks/IOAccelerator.framework/Versions/A/IOAccelerator
0x0000000005977000 	/System/Library/PrivateFrameworks/GPUSupport.framework/Versions/A/Libraries/libGPUSupportMercury.dylib
0x0000000005977000 	/System/Library/Frameworks/OpenGL.framework/Versions/A/Resources/GLRendererFloat.bundle/GLRendererFloat
0x0000000005977000 	/System/Library/Frameworks/OpenCL.framework/Versions/A/Libraries/libcldcpuengine.dylib
0x000000011a9bb000 	cl_kernels
0x000000011ee96000 	/System/Library/Frameworks/OpenCL.framework/Versions/A/Libraries/ImageFormats/unorm8_bgra.dylib
0x000000011de44000 	cl_kernels
0x000000011de4a000 	cl_kernels
0x000000011efd1000 	cl_kernels
0x000000011efd4000 	/System/Library/Frameworks/OpenCL.framework/Versions/A/Libraries/ImageFormats/unorm8_argb.dylib

VM Arguments:
jvm_args: -Dfile.encoding=US-ASCII 
java_command: com.mygdx.Core.desktop.DesktopLauncher
Launcher Type: SUN_STANDARD

Environment Variables:
PATH=/usr/bin:/bin:/usr/sbin:/sbin
SHELL=/bin/bash
DISPLAY=/tmp/launch-0NfvMj/org.macosforge.xquartz:0

Signal Handlers:
SIGSEGV: [libjvm.dylib+0x525425], sa_mask[0]=0xfffefeff, sa_flags=0x00000043
SIGBUS: [libjvm.dylib+0x525425], sa_mask[0]=0xfffefeff, sa_flags=0x00000042
SIGFPE: [libjvm.dylib+0x41892a], sa_mask[0]=0xfffefeff, sa_flags=0x00000042
SIGPIPE: [libjvm.dylib+0x41892a], sa_mask[0]=0xfffefeff, sa_flags=0x00000042
SIGXFSZ: [libjvm.dylib+0x41892a], sa_mask[0]=0xfffefeff, sa_flags=0x00000042
SIGILL: [libjvm.dylib+0x41892a], sa_mask[0]=0xfffefeff, sa_flags=0x00000042
SIGUSR1: SIG_DFL, sa_mask[0]=0x00000000, sa_flags=0x00000002
SIGUSR2: [libjvm.dylib+0x41841c], sa_mask[0]=0x00000004, sa_flags=0x00000042
SIGHUP: [libjvm.dylib+0x4166ab], sa_mask[0]=0xfffefeff, sa_flags=0x00000042
SIGINT: [libjvm.dylib+0x4166ab], sa_mask[0]=0xfffefeff, sa_flags=0x00000042
SIGTERM: [libjvm.dylib+0x4166ab], sa_mask[0]=0xfffefeff, sa_flags=0x00000042
SIGQUIT: [libjvm.dylib+0x4166ab], sa_mask[0]=0xfffefeff, sa_flags=0x00000042


---------------  S Y S T E M  ---------------

OS:Bsduname:Darwin 13.4.0 Darwin Kernel Version 13.4.0: Wed Mar 18 16:20:14 PDT 2015; root:xnu-2422.115.14~1/RELEASE_X86_64 x86_64
rlimit: STACK 8192k, CORE 0k, NPROC 709, NOFILE 10240, AS infinity
load average:1.71 1.56 1.58

CPU:total 4 (2 cores per cpu, 2 threads per core) family 6 model 69 stepping 1, cmov, cx8, fxsr, mmx, sse, sse2, sse3, ssse3, sse4.1, sse4.2, popcnt, avx, avx2, aes, erms, ht, tsc, tscinvbit

Memory: 4k page, physical 8388608k(2097152k free)

/proc/meminfo:


vm_info: Java HotSpot(TM) 64-Bit Server VM (24.51-b03) for bsd-amd64 JRE (1.7.0_51-b13), built on Dec 18 2013 18:45:56 by "java_re" with gcc 4.2.1 (Based on Apple Inc. build 5658) (LLVM build 2336.11.00)

time: Fri Apr 17 19:24:40 2015
elapsed time: 5 seconds

