#
# A fatal error has been detected by the Java Runtime Environment:
#
#  SIGSEGV (0xb) at pc=0x00007fff8fd3a097, pid=18279, tid=1287
#
# JRE version: Java(TM) SE Runtime Environment (7.0_51-b13) (build 1.7.0_51-b13)
# Java VM: Java HotSpot(TM) 64-Bit Server VM (24.51-b03 mixed mode bsd-amd64 compressed oops)
# Problematic frame:
# C  [libobjc.A.dylib+0x5097]  objc_msgSend+0x17
#
# Failed to write core dump. Core dumps have been disabled. To enable core dumping, try "ulimit -c unlimited" before starting Java again
#
# If you would like to submit a bug report, please visit:
#   http://bugreport.sun.com/bugreport/crash.jsp
# The crash happened outside the Java Virtual Machine in native code.
# See problematic frame for where to report the bug.
#

---------------  T H R E A D  ---------------

Current thread (0x00007fcbba8ae000):  JavaThread "AppKit Thread" daemon [_thread_in_native, id=1287, stack(0x00007fff5be4f000,0x00007fff5becf000)]

siginfo:si_signo=SIGSEGV: si_errno=0, si_code=0 (SEGV0), si_addr=0x0000000000000000

Registers:
RAX=0x00007fcbb9c337d0, RBX=0x00000000000f42f2, RCX=0x0000000000000000, RDX=0x00007fcbb9e6bf00
RSP=0x00007fff5bec9778, RBP=0x00007fff5bec9780, RSI=0x00007fff8d8fab9f, RDI=0x00007fcbb9c337d0
R8 =0x0000000000000040, R9 =0x00007fff5bec9700, R10=0x00007fff8d8fab9f, R11=0x9000000000000000
R12=0x00000000000f42f2, R13=0x00007fff5bec9948, R14=0x00007fcbb9e7d6b0, R15=0x00007fff5bec98a8
RIP=0x00007fff8fd3a097, EFLAGS=0x0000000000010246, ERR=0x0000000000000000
  TRAPNO=0x000000000000000d

Top of Stack: (sp=0x00007fff5bec9778)
0x00007fff5bec9778:   00007fff91f6ee0c 00007fff5bec9ae0
0x00007fff5bec9788:   00007fff91e6282d 0000000000000003
0x00007fff5bec9798:   0000000103d4da00 00007fff5bec97e0
0x00007fff5bec97a8:   00007fff86de9272 0000000000000798
0x00007fff5bec97b8:   00000000000f42f4 0000000000000002
0x00007fff5bec97c8:   00007fcbb9f72e50 00007fcbb9f7a090
0x00007fff5bec97d8:   00007fcbb9c11110 00007fcbb9e6bf00
0x00007fff5bec97e8:   00007fff5bec98a0 0000000000000000
0x00007fff5bec97f8:   00000000000f42f2 0000000000000051
0x00007fff5bec9808:   00007fff5bec9920 0000000000000000
0x00007fff5bec9818:   0000000000000001 00007fcbb9c11100
0x00007fff5bec9828:   000000000000004f 00000000000fc49b
0x00007fff5bec9838:   0000010000000000 00007fff75ef5a60
0x00007fff5bec9848:   00002060004e16ea 00007fff5bec99a0
0x00007fff5bec9858:   0000000000000000 00007fff5bec9938
0x00007fff5bec9868:   00007fff5bec9918 00007fff75ef5a48
0x00007fff5bec9878:   0000000000000000 0000000000000005
0x00007fff5bec9888:   00007fff8a4e16ea 00007fff77630d38
0x00007fff5bec9898:   0000000000000000 00007fcbb9f72ed0
0x00007fff5bec98a8:   00007fcbb9e7d6b0 00007fff88107b08
0x00007fff5bec98b8:   0000000000000000 00007fff5bec9980
0x00007fff5bec98c8:   00007fff882b9dde 00007fff75e860d0
0x00007fff5bec98d8:   0000000042000000 00007fff882c21d1
0x00007fff5bec98e8:   00007fff75ed1b40 00007fff5bec99e8
0x00007fff5bec98f8:   00007fff5bec9918 00007fff5bec9938
0x00007fff5bec9908:   0000000000000000 0000000103d4a001
0x00007fff5bec9918:   0000000000000000 000000000000004d
0x00007fff5bec9928:   0000000000000000 00000000000f42e6
0x00007fff5bec9938:   000000000000004f 0000000000000000
0x00007fff5bec9948:   00000000000f42f2 000000015bec99f0
0x00007fff5bec9958:   00007fff8a4e2261 00007fff77a6c748
0x00007fff5bec9968:   00007fff77a6c74c 0000000077a681b8 

Instructions: (pc=0x00007fff8fd3a097)
0x00007fff8fd3a077:   90 90 90 90 90 90 90 90 90 48 85 ff 2e 74 72 40
0x00007fff8fd3a087:   f6 c7 01 2e 0f 85 7e 00 00 00 4c 8b 1f 49 89 f2
0x00007fff8fd3a097:   45 23 53 18 49 c1 e2 04 4d 03 53 10 49 3b 32 75
0x00007fff8fd3a0a7:   04 41 ff 62 08 49 83 3a 00 74 74 4d 3b 53 10 74 

Register to memory mapping:

RAX=0x00007fcbb9c337d0 is an unknown value
RBX=0x00000000000f42f2 is an unknown value
RCX=0x0000000000000000 is an unknown value
RDX=0x00007fcbb9e6bf00 is an unknown value
RSP=0x00007fff5bec9778 is pointing into the stack for thread: 0x00007fcbba8ae000
RBP=0x00007fff5bec9780 is pointing into the stack for thread: 0x00007fcbba8ae000
RSI=0x00007fff8d8fab9f: NSAppKitVersionNumber+0x5358f in /System/Library/Frameworks/AppKit.framework/Versions/C/AppKit at 0x00007fff8ce57000
RDI=0x00007fcbb9c337d0 is an unknown value
R8 =0x0000000000000040 is an unknown value
R9 =0x00007fff5bec9700 is pointing into the stack for thread: 0x00007fcbba8ae000
R10=0x00007fff8d8fab9f: NSAppKitVersionNumber+0x5358f in /System/Library/Frameworks/AppKit.framework/Versions/C/AppKit at 0x00007fff8ce57000
R11=0x9000000000000000 is an unknown value
R12=0x00000000000f42f2 is an unknown value
R13=0x00007fff5bec9948 is pointing into the stack for thread: 0x00007fcbba8ae000
R14=0x00007fcbb9e7d6b0 is an unknown value
R15=0x00007fff5bec98a8 is pointing into the stack for thread: 0x00007fcbba8ae000


Stack: [0x00007fff5be4f000,0x00007fff5becf000],  sp=0x00007fff5bec9778,  free space=489k
Native frames: (J=compiled Java code, j=interpreted, Vv=VM code, C=native code)
C  [libobjc.A.dylib+0x5097]  objc_msgSend+0x17
C  [CoreFoundation+0x1082d]  _CFXNotificationPost+0xb4d
C  [Foundation+0x2dda]  -[NSNotificationCenter postNotificationName:object:userInfo:]+0x44
C  [AppKit+0x10f5a9]  -[NSSurface _disposeSurface]+0x98
C  [AppKit+0x10f045]  -[NSSurface setWindow:]+0x46
C  [AppKit+0x3af27]  -[NSView _setWindow:]+0x8ea
C  [AppKit+0x3bf7a]  -[NSView removeFromSuperview]+0x15e
C  [AppKit+0x986e9]  -[NSView removeFromSuperviewWithoutNeedingDisplay]+0x26
C  [liblwjgl.dylib+0xa205]  +[MacOSXKeyableWindow destroyWindow]+0xb5
C  [Foundation+0x6375e]  __NSThreadPerformPerform+0xe5
C  [CoreFoundation+0x7f5b1]  __CFRUNLOOP_IS_CALLING_OUT_TO_A_SOURCE0_PERFORM_FUNCTION__+0x11
C  [CoreFoundation+0x70c62]  __CFRunLoopDoSources0+0xf2
C  [CoreFoundation+0x703ef]  __CFRunLoopRun+0x33f
C  [CoreFoundation+0x6fe75]  CFRunLoopRunSpecific+0x135
C  [HIToolbox+0x2ea0d]  RunCurrentEventLoopInMode+0xe2
C  [HIToolbox+0x2e7b7]  ReceiveNextEventCommon+0x1df
C  [HIToolbox+0x2e5bc]  _BlockUntilNextEventMatchingListInModeWithFilter+0x41
C  [AppKit+0x2424e]  _DPSNextEvent+0x59a
C  [AppKit+0x2389b]  -[NSApplication nextEventMatchingMask:untilDate:inMode:dequeue:]+0x7a
C  [libosxapp.dylib+0x16f4]  -[NSApplicationAWT nextEventMatchingMask:untilDate:inMode:dequeue:]+0x7c
C  [AppKit+0x1799c]  -[NSApplication run]+0x229
C  [libosxapp.dylib+0x1557]  +[NSApplicationAWT runAWTLoopWithApp:]+0x9c
C  [liblwawt.dylib+0xdba9]  -[AWTStarter starter:]+0x369
C  [Foundation+0x6375e]  __NSThreadPerformPerform+0xe5
C  [CoreFoundation+0x7f5b1]  __CFRUNLOOP_IS_CALLING_OUT_TO_A_SOURCE0_PERFORM_FUNCTION__+0x11
C  [CoreFoundation+0x70c62]  __CFRunLoopDoSources0+0xf2
C  [CoreFoundation+0x703ef]  __CFRunLoopRun+0x33f
C  [CoreFoundation+0x6fe75]  CFRunLoopRunSpecific+0x135
C  [java+0x73b0]  CreateExecutionEnvironment+0x367
C  [java+0x1b5c]  JLI_Launch+0x7a0
C  [java+0x770d]  main+0x65
C  [java+0x13b4]  start+0x34


---------------  P R O C E S S  ---------------

Java Threads: ( => current thread )
  0x00007fcbbb000000 JavaThread "DestroyJavaVM" [_thread_blocked, id=4867, stack(0x0000000104883000,0x0000000104983000)]
  0x00007fcbbb140800 JavaThread "LWJGL Application" [_thread_in_native, id=62723, stack(0x0000000113dff000,0x0000000113eff000)]
  0x00007fcbbb8bb000 JavaThread "AWT-Shutdown" [_thread_blocked, id=28683, stack(0x0000000110c26000,0x0000000110d26000)]
=>0x00007fcbba8ae000 JavaThread "AppKit Thread" daemon [_thread_in_native, id=1287, stack(0x00007fff5be4f000,0x00007fff5becf000)]
  0x00007fcbbb806000 JavaThread "Service Thread" daemon [_thread_blocked, id=19459, stack(0x000000010eeb5000,0x000000010efb5000)]
  0x00007fcbba862800 JavaThread "C2 CompilerThread1" daemon [_thread_blocked, id=18947, stack(0x000000010edb2000,0x000000010eeb2000)]
  0x00007fcbbb00e800 JavaThread "C2 CompilerThread0" daemon [_thread_blocked, id=18435, stack(0x000000010ecaf000,0x000000010edaf000)]
  0x00007fcbba862000 JavaThread "Signal Dispatcher" daemon [_thread_blocked, id=17923, stack(0x000000010ebac000,0x000000010ecac000)]
  0x00007fcbbb00e000 JavaThread "Finalizer" daemon [_thread_blocked, id=13059, stack(0x000000010e96a000,0x000000010ea6a000)]
  0x00007fcbba848000 JavaThread "Reference Handler" daemon [_thread_blocked, id=12547, stack(0x000000010e867000,0x000000010e967000)]

Other Threads:
  0x00007fcbbb00b800 VMThread [stack: 0x000000010e764000,0x000000010e864000] [id=12035]
  0x00007fcbbb807000 WatcherThread [stack: 0x000000010efb8000,0x000000010f0b8000] [id=19971]

VM state:not at safepoint (normal execution)

VM Mutex/Monitor currently owned by a thread: None

Heap
 PSYoungGen      total 38912K, used 18807K [0x00000007d5500000, 0x00000007d8000000, 0x0000000800000000)
  eden space 33792K, 55% used [0x00000007d5500000,0x00000007d675dc70,0x00000007d7600000)
  from space 5120K, 0% used [0x00000007d7b00000,0x00000007d7b00000,0x00000007d8000000)
  to   space 5120K, 0% used [0x00000007d7600000,0x00000007d7600000,0x00000007d7b00000)
 ParOldGen       total 87040K, used 0K [0x0000000780000000, 0x0000000785500000, 0x00000007d5500000)
  object space 87040K, 0% used [0x0000000780000000,0x0000000780000000,0x0000000785500000)
 PSPermGen       total 21504K, used 7060K [0x000000077ae00000, 0x000000077c300000, 0x0000000780000000)
  object space 21504K, 32% used [0x000000077ae00000,0x000000077b4e5350,0x000000077c300000)

Card table byte_map: [0x00000001082c0000,0x00000001086ea000] byte_map_base: 0x00000001046e9000

Polling page: 0x00000001049d8000

Code Cache  [0x0000000105200000, 0x0000000105470000, 0x0000000108200000)
 total_blobs=397 nmethods=41 adapters=311 free_code_cache=48602Kb largest_free_block=49748224

Compilation events (10 events):
Event: 0.810 Thread 0x00007fcbba862800 nmethod 36 0x0000000105286790 code [0x0000000105286920, 0x0000000105286cc8]
Event: 0.813 Thread 0x00007fcbbb00e800 nmethod 37 0x0000000105286010 code [0x0000000105286180, 0x00000001052864f8]
Event: 0.832 Thread 0x00007fcbba862800   38             java.lang.Integer::parseInt (261 bytes)
Event: 0.834 Thread 0x00007fcbbb00e800   39             java.util.StringTokenizer::nextToken (92 bytes)
Event: 0.838 Thread 0x00007fcbba862800 nmethod 38 0x0000000105287f50 code [0x00000001052880c0, 0x0000000105288638]
Event: 0.846 Thread 0x00007fcbbb00e800 nmethod 39 0x000000010528b810 code [0x000000010528b9e0, 0x000000010528c150]
Event: 0.882 Thread 0x00007fcbba862800   40             java.lang.String::startsWith (7 bytes)
Event: 0.884 Thread 0x00007fcbbb00e800   41             java.lang.Integer::parseInt (7 bytes)
Event: 0.885 Thread 0x00007fcbbb00e800 nmethod 41 0x0000000105285d90 code [0x0000000105285ee0, 0x0000000105285f48]
Event: 0.885 Thread 0x00007fcbba862800 nmethod 40 0x000000010528c9d0 code [0x000000010528cb20, 0x000000010528ccf8]

GC Heap History (0 events):
No events

Deoptimization events (0 events):
No events

Internal exceptions (10 events):
Event: 1.049 Thread 0x00007fcbbb140800 Threw 0x00000007d65c5e28 at /HUDSON/workspace/7u-2-build-macosx-x86_64/jdk7u51/527/hotspot/src/share/vm/prims/jvm.cpp:1244
Event: 1.050 Thread 0x00007fcbbb140800 Threw 0x00000007d65cd968 at /HUDSON/workspace/7u-2-build-macosx-x86_64/jdk7u51/527/hotspot/src/share/vm/prims/jvm.cpp:1244
Event: 1.050 Thread 0x00007fcbbb140800 Threw 0x00000007d65d4828 at /HUDSON/workspace/7u-2-build-macosx-x86_64/jdk7u51/527/hotspot/src/share/vm/prims/jvm.cpp:1244
Event: 1.051 Thread 0x00007fcbbb140800 Threw 0x00000007d65da6a8 at /HUDSON/workspace/7u-2-build-macosx-x86_64/jdk7u51/527/hotspot/src/share/vm/prims/jvm.cpp:1244
Event: 1.051 Thread 0x00007fcbbb140800 Threw 0x00000007d65e0e00 at /HUDSON/workspace/7u-2-build-macosx-x86_64/jdk7u51/527/hotspot/src/share/vm/prims/jvm.cpp:1244
Event: 1.052 Thread 0x00007fcbbb140800 Threw 0x00000007d65e7b40 at /HUDSON/workspace/7u-2-build-macosx-x86_64/jdk7u51/527/hotspot/src/share/vm/prims/jvm.cpp:1244
Event: 3.294 Thread 0x00007fcbbb140800 Threw 0x00000007d66d2868 at /HUDSON/workspace/7u-2-build-macosx-x86_64/jdk7u51/527/hotspot/src/share/vm/prims/jvm.cpp:1244
Event: 3.295 Thread 0x00007fcbbb140800 Threw 0x00000007d66d8d80 at /HUDSON/workspace/7u-2-build-macosx-x86_64/jdk7u51/527/hotspot/src/share/vm/prims/jvm.cpp:1244
Event: 3.296 Thread 0x00007fcbbb140800 Threw 0x00000007d66df1a8 at /HUDSON/workspace/7u-2-build-macosx-x86_64/jdk7u51/527/hotspot/src/share/vm/prims/jvm.cpp:1244
Event: 3.304 Thread 0x00007fcbbb140800 Threw 0x00000007d66e5e10 at /HUDSON/workspace/7u-2-build-macosx-x86_64/jdk7u51/527/hotspot/src/share/vm/prims/jvm.cpp:1244

Events (10 events):
Event: 3.293 loading class 0x00007fcbb9e14ac0
Event: 3.293 loading class 0x00007fcbb9e14ac0 done
Event: 3.295 loading class 0x00007fcbb9c149c0
Event: 3.295 loading class 0x00007fcbb9c149c0 done
Event: 3.296 loading class 0x00007fcbb9c14a70
Event: 3.296 loading class 0x00007fcbb9c14a70 done
Event: 3.297 loading class 0x000000010d4face0
Event: 3.297 loading class 0x000000010d4face0 done
Event: 3.304 loading class 0x00007fcbb9f64770
Event: 3.304 loading class 0x00007fcbb9f64770 done


Dynamic libraries:
0x0000000005977000 	/System/Library/Frameworks/Cocoa.framework/Versions/A/Cocoa
0x0000000005977000 	/System/Library/Frameworks/Security.framework/Versions/A/Security
0x0000000005977000 	/System/Library/Frameworks/ApplicationServices.framework/Versions/A/ApplicationServices
0x0000000005977000 	/usr/lib/libz.1.dylib
0x0000000005977000 	/usr/lib/libSystem.B.dylib
0x0000000005977000 	/usr/lib/libobjc.A.dylib
0x0000000005977000 	/System/Library/Frameworks/CoreFoundation.framework/Versions/A/CoreFoundation
0x0000000005977000 	/System/Library/Frameworks/Foundation.framework/Versions/C/Foundation
0x0000000005977000 	/System/Library/Frameworks/AppKit.framework/Versions/C/AppKit
0x0000000005977000 	/System/Library/Frameworks/CoreData.framework/Versions/A/CoreData
0x0000000005977000 	/System/Library/PrivateFrameworks/RemoteViewServices.framework/Versions/A/RemoteViewServices
0x0000000005977000 	/System/Library/Frameworks/AudioToolbox.framework/Versions/A/AudioToolbox
0x0000000005977000 	/System/Library/Frameworks/AudioUnit.framework/Versions/A/AudioUnit
0x0000000005977000 	/System/Library/PrivateFrameworks/DataDetectorsCore.framework/Versions/A/DataDetectorsCore
0x0000000005977000 	/System/Library/PrivateFrameworks/DesktopServicesPriv.framework/Versions/A/DesktopServicesPriv
0x0000000005977000 	/System/Library/Frameworks/Carbon.framework/Versions/A/Frameworks/HIToolbox.framework/Versions/A/HIToolbox
0x0000000005977000 	/System/Library/Frameworks/QuartzCore.framework/Versions/A/QuartzCore
0x0000000005977000 	/System/Library/Frameworks/Carbon.framework/Versions/A/Frameworks/SpeechRecognition.framework/Versions/A/SpeechRecognition
0x0000000005977000 	/usr/lib/libauto.dylib
0x0000000005977000 	/usr/lib/libicucore.A.dylib
0x0000000005977000 	/usr/lib/libxml2.2.dylib
0x0000000005977000 	/System/Library/PrivateFrameworks/CoreUI.framework/Versions/A/CoreUI
0x0000000005977000 	/System/Library/Frameworks/CoreAudio.framework/Versions/A/CoreAudio
0x0000000005977000 	/System/Library/Frameworks/DiskArbitration.framework/Versions/A/DiskArbitration
0x0000000005977000 	/usr/lib/liblangid.dylib
0x0000000005977000 	/System/Library/PrivateFrameworks/MultitouchSupport.framework/Versions/A/MultitouchSupport
0x0000000005977000 	/System/Library/Frameworks/IOKit.framework/Versions/A/IOKit
0x0000000005977000 	/usr/lib/libDiagnosticMessagesClient.dylib
0x0000000005977000 	/System/Library/Frameworks/CoreServices.framework/Versions/A/CoreServices
0x0000000005977000 	/System/Library/PrivateFrameworks/PerformanceAnalysis.framework/Versions/A/PerformanceAnalysis
0x0000000005977000 	/System/Library/PrivateFrameworks/GenerationalStorage.framework/Versions/A/GenerationalStorage
0x0000000005977000 	/System/Library/Frameworks/OpenGL.framework/Versions/A/OpenGL
0x0000000005977000 	/System/Library/PrivateFrameworks/Sharing.framework/Versions/A/Sharing
0x0000000005977000 	/System/Library/Frameworks/ImageIO.framework/Versions/A/ImageIO
0x0000000005977000 	/System/Library/Frameworks/CoreText.framework/Versions/A/CoreText
0x0000000005977000 	/System/Library/Frameworks/CoreGraphics.framework/Versions/A/CoreGraphics
0x0000000005977000 	/System/Library/PrivateFrameworks/Backup.framework/Versions/A/Backup
0x0000000005977000 	/System/Library/Frameworks/CFNetwork.framework/Versions/A/CFNetwork
0x0000000005977000 	/System/Library/Frameworks/SystemConfiguration.framework/Versions/A/SystemConfiguration
0x0000000005977000 	/usr/lib/libCRFSuite.dylib
0x0000000005977000 	/usr/lib/libc++.1.dylib
0x0000000005977000 	/usr/lib/libc++abi.dylib
0x0000000005977000 	/usr/lib/system/libcache.dylib
0x0000000005977000 	/usr/lib/system/libcommonCrypto.dylib
0x0000000005977000 	/usr/lib/system/libcompiler_rt.dylib
0x0000000005977000 	/usr/lib/system/libcopyfile.dylib
0x0000000005977000 	/usr/lib/system/libcorecrypto.dylib
0x0000000005977000 	/usr/lib/system/libdispatch.dylib
0x0000000005977000 	/usr/lib/system/libdyld.dylib
0x0000000005977000 	/usr/lib/system/libkeymgr.dylib
0x0000000005977000 	/usr/lib/system/liblaunch.dylib
0x0000000005977000 	/usr/lib/system/libmacho.dylib
0x0000000005977000 	/usr/lib/system/libquarantine.dylib
0x0000000005977000 	/usr/lib/system/libremovefile.dylib
0x0000000005977000 	/usr/lib/system/libsystem_asl.dylib
0x0000000005977000 	/usr/lib/system/libsystem_blocks.dylib
0x0000000005977000 	/usr/lib/system/libsystem_c.dylib
0x0000000005977000 	/usr/lib/system/libsystem_configuration.dylib
0x0000000005977000 	/usr/lib/system/libsystem_dnssd.dylib
0x0000000005977000 	/usr/lib/system/libsystem_info.dylib
0x0000000005977000 	/usr/lib/system/libsystem_kernel.dylib
0x0000000005977000 	/usr/lib/system/libsystem_m.dylib
0x0000000005977000 	/usr/lib/system/libsystem_malloc.dylib
0x0000000005977000 	/usr/lib/system/libsystem_network.dylib
0x0000000005977000 	/usr/lib/system/libsystem_notify.dylib
0x0000000005977000 	/usr/lib/system/libsystem_platform.dylib
0x0000000005977000 	/usr/lib/system/libsystem_pthread.dylib
0x0000000005977000 	/usr/lib/system/libsystem_sandbox.dylib
0x0000000005977000 	/usr/lib/system/libsystem_stats.dylib
0x0000000005977000 	/usr/lib/system/libunc.dylib
0x0000000005977000 	/usr/lib/system/libunwind.dylib
0x0000000005977000 	/usr/lib/system/libxpc.dylib
0x0000000005977000 	/usr/lib/libbsm.0.dylib
0x0000000005977000 	/usr/lib/libsqlite3.dylib
0x0000000005977000 	/usr/lib/libxar.1.dylib
0x0000000005977000 	/usr/lib/libpam.2.dylib
0x0000000005977000 	/usr/lib/libOpenScriptingUtil.dylib
0x0000000005977000 	/usr/lib/libbz2.1.0.dylib
0x0000000005977000 	/System/Library/Frameworks/CoreServices.framework/Versions/A/Frameworks/CarbonCore.framework/Versions/A/CarbonCore
0x0000000005977000 	/System/Library/Frameworks/CoreServices.framework/Versions/A/Frameworks/Metadata.framework/Versions/A/Metadata
0x0000000005977000 	/System/Library/Frameworks/CoreServices.framework/Versions/A/Frameworks/OSServices.framework/Versions/A/OSServices
0x0000000005977000 	/System/Library/Frameworks/CoreServices.framework/Versions/A/Frameworks/SearchKit.framework/Versions/A/SearchKit
0x0000000005977000 	/System/Library/Frameworks/CoreServices.framework/Versions/A/Frameworks/AE.framework/Versions/A/AE
0x0000000005977000 	/System/Library/Frameworks/CoreServices.framework/Versions/A/Frameworks/LaunchServices.framework/Versions/A/LaunchServices
0x0000000005977000 	/System/Library/Frameworks/CoreServices.framework/Versions/A/Frameworks/DictionaryServices.framework/Versions/A/DictionaryServices
0x0000000005977000 	/System/Library/Frameworks/NetFS.framework/Versions/A/NetFS
0x0000000005977000 	/usr/lib/system/libkxld.dylib
0x0000000005977000 	/System/Library/PrivateFrameworks/NetAuth.framework/Versions/A/NetAuth
0x0000000005977000 	/System/Library/PrivateFrameworks/TCC.framework/Versions/A/TCC
0x0000000005977000 	/System/Library/Frameworks/OpenDirectory.framework/Versions/A/Frameworks/CFOpenDirectory.framework/Versions/A/CFOpenDirectory
0x0000000005977000 	/System/Library/Frameworks/ServiceManagement.framework/Versions/A/ServiceManagement
0x0000000005977000 	/usr/lib/libxslt.1.dylib
0x0000000005977000 	/System/Library/Frameworks/Carbon.framework/Versions/A/Frameworks/Ink.framework/Versions/A/Ink
0x0000000005977000 	/System/Library/Frameworks/ApplicationServices.framework/Versions/A/Frameworks/ATS.framework/Versions/A/ATS
0x0000000005977000 	/System/Library/Frameworks/ApplicationServices.framework/Versions/A/Frameworks/ColorSync.framework/Versions/A/ColorSync
0x0000000005977000 	/System/Library/Frameworks/ApplicationServices.framework/Versions/A/Frameworks/HIServices.framework/Versions/A/HIServices
0x0000000005977000 	/System/Library/Frameworks/ApplicationServices.framework/Versions/A/Frameworks/LangAnalysis.framework/Versions/A/LangAnalysis
0x0000000005977000 	/System/Library/Frameworks/ApplicationServices.framework/Versions/A/Frameworks/PrintCore.framework/Versions/A/PrintCore
0x0000000005977000 	/System/Library/Frameworks/ApplicationServices.framework/Versions/A/Frameworks/QD.framework/Versions/A/QD
0x0000000005977000 	/System/Library/Frameworks/ApplicationServices.framework/Versions/A/Frameworks/SpeechSynthesis.framework/Versions/A/SpeechSynthesis
0x0000000005977000 	/System/Library/Frameworks/IOSurface.framework/Versions/A/IOSurface
0x0000000005977000 	/System/Library/Frameworks/Accelerate.framework/Versions/A/Accelerate
0x0000000005977000 	/System/Library/Frameworks/Accelerate.framework/Versions/A/Frameworks/vImage.framework/Versions/A/vImage
0x0000000005977000 	/System/Library/Frameworks/Accelerate.framework/Versions/A/Frameworks/vecLib.framework/Versions/A/vecLib
0x0000000005977000 	/System/Library/Frameworks/Accelerate.framework/Versions/A/Frameworks/vecLib.framework/Versions/A/libvDSP.dylib
0x0000000005977000 	/System/Library/Frameworks/Accelerate.framework/Versions/A/Frameworks/vecLib.framework/Versions/A/libvMisc.dylib
0x0000000005977000 	/System/Library/Frameworks/Accelerate.framework/Versions/A/Frameworks/vecLib.framework/Versions/A/libLAPACK.dylib
0x0000000005977000 	/System/Library/Frameworks/Accelerate.framework/Versions/A/Frameworks/vecLib.framework/Versions/A/libBLAS.dylib
0x0000000005977000 	/System/Library/Frameworks/ApplicationServices.framework/Versions/A/Frameworks/ATS.framework/Versions/A/Resources/libFontParser.dylib
0x0000000005977000 	/System/Library/Frameworks/ApplicationServices.framework/Versions/A/Frameworks/ATS.framework/Versions/A/Resources/libFontRegistry.dylib
0x0000000005977000 	/System/Library/Frameworks/ImageIO.framework/Versions/A/Resources/libJPEG.dylib
0x0000000005977000 	/System/Library/Frameworks/ImageIO.framework/Versions/A/Resources/libTIFF.dylib
0x0000000005977000 	/System/Library/Frameworks/ImageIO.framework/Versions/A/Resources/libPng.dylib
0x0000000005977000 	/System/Library/Frameworks/ImageIO.framework/Versions/A/Resources/libGIF.dylib
0x0000000005977000 	/System/Library/Frameworks/ImageIO.framework/Versions/A/Resources/libJP2.dylib
0x0000000005977000 	/System/Library/Frameworks/ImageIO.framework/Versions/A/Resources/libRadiance.dylib
0x0000000005977000 	/usr/lib/libcups.2.dylib
0x0000000005977000 	/System/Library/Frameworks/Kerberos.framework/Versions/A/Kerberos
0x0000000005977000 	/System/Library/Frameworks/GSS.framework/Versions/A/GSS
0x0000000005977000 	/usr/lib/libresolv.9.dylib
0x0000000005977000 	/usr/lib/libiconv.2.dylib
0x0000000005977000 	/System/Library/PrivateFrameworks/Heimdal.framework/Versions/A/Heimdal
0x0000000005977000 	/System/Library/PrivateFrameworks/TrustEvaluationAgent.framework/Versions/A/TrustEvaluationAgent
0x0000000005977000 	/usr/lib/libheimdal-asn1.dylib
0x0000000005977000 	/System/Library/Frameworks/OpenDirectory.framework/Versions/A/OpenDirectory
0x0000000005977000 	/System/Library/PrivateFrameworks/CommonAuth.framework/Versions/A/CommonAuth
0x0000000005977000 	/System/Library/Frameworks/SecurityFoundation.framework/Versions/A/SecurityFoundation
0x0000000005977000 	/System/Library/PrivateFrameworks/Bom.framework/Versions/A/Bom
0x0000000005977000 	/System/Library/Frameworks/CoreVideo.framework/Versions/A/CoreVideo
0x0000000005977000 	/System/Library/Frameworks/QuartzCore.framework/Versions/A/Frameworks/CoreImage.framework/Versions/A/CoreImage
0x0000000005977000 	/System/Library/Frameworks/QuartzCore.framework/Versions/A/Frameworks/ScalableUserInterface.framework/Versions/A/ScalableUserInterface
0x0000000005977000 	/System/Library/Frameworks/OpenGL.framework/Versions/A/Libraries/libGLU.dylib
0x0000000005977000 	/System/Library/Frameworks/OpenGL.framework/Versions/A/Libraries/libGFXShared.dylib
0x0000000005977000 	/System/Library/Frameworks/OpenGL.framework/Versions/A/Libraries/libGL.dylib
0x0000000005977000 	/System/Library/Frameworks/OpenGL.framework/Versions/A/Libraries/libGLImage.dylib
0x0000000005977000 	/System/Library/Frameworks/OpenGL.framework/Versions/A/Libraries/libCVMSPluginSupport.dylib
0x0000000005977000 	/System/Library/Frameworks/OpenGL.framework/Versions/A/Libraries/libCoreVMClient.dylib
0x0000000005977000 	/System/Library/PrivateFrameworks/FaceCore.framework/Versions/A/FaceCore
0x0000000005977000 	/System/Library/PrivateFrameworks/CrashReporterSupport.framework/Versions/A/CrashReporterSupport
0x0000000005977000 	/System/Library/Frameworks/OpenCL.framework/Versions/A/OpenCL
0x0000000005977000 	/System/Library/PrivateFrameworks/AppleFSCompression.framework/Versions/A/AppleFSCompression
0x0000000005977000 	/System/Library/PrivateFrameworks/Ubiquity.framework/Versions/A/Ubiquity
0x0000000005977000 	/System/Library/PrivateFrameworks/IconServices.framework/Versions/A/IconServices
0x0000000005977000 	/System/Library/PrivateFrameworks/ChunkingLibrary.framework/Versions/A/ChunkingLibrary
0x0000000005977000 	/System/Library/PrivateFrameworks/CoreSymbolication.framework/Versions/A/CoreSymbolication
0x0000000005977000 	/System/Library/PrivateFrameworks/Symbolication.framework/Versions/A/Symbolication
0x0000000005977000 	/System/Library/PrivateFrameworks/DebugSymbols.framework/Versions/A/DebugSymbols
0x0000000103e2f000 	/Library/Java/JavaVirtualMachines/jdk1.7.0_51.jdk/Contents/Home/jre/lib/server/libjvm.dylib
0x0000000005977000 	/usr/lib/libstdc++.6.dylib
0x0000000104998000 	/Library/Java/JavaVirtualMachines/jdk1.7.0_51.jdk/Contents/Home/jre/lib/libverify.dylib
0x00000001049a8000 	/Library/Java/JavaVirtualMachines/jdk1.7.0_51.jdk/Contents/Home/jre/lib/libjava.dylib
0x00000001049e2000 	/Library/Java/JavaVirtualMachines/jdk1.7.0_51.jdk/Contents/Home/jre/lib/libzip.dylib
0x000000010ea6c000 	/System/Library/Frameworks/JavaVM.framework/Frameworks/JavaRuntimeSupport.framework/JavaRuntimeSupport
0x000000010ea84000 	/System/Library/Frameworks/JavaVM.framework/Versions/A/Frameworks/JavaNativeFoundation.framework/Versions/A/JavaNativeFoundation
0x00000001049ec000 	/System/Library/Frameworks/JavaVM.framework/Versions/A/JavaVM
0x0000000005977000 	/System/Library/Frameworks/Carbon.framework/Versions/A/Carbon
0x000000010ea99000 	/System/Library/PrivateFrameworks/JavaLaunching.framework/Versions/A/JavaLaunching
0x0000000005977000 	/System/Library/Frameworks/Carbon.framework/Versions/A/Frameworks/CommonPanels.framework/Versions/A/CommonPanels
0x0000000005977000 	/System/Library/Frameworks/Carbon.framework/Versions/A/Frameworks/Help.framework/Versions/A/Help
0x0000000005977000 	/System/Library/Frameworks/Carbon.framework/Versions/A/Frameworks/ImageCapture.framework/Versions/A/ImageCapture
0x0000000005977000 	/System/Library/Frameworks/Carbon.framework/Versions/A/Frameworks/OpenScripting.framework/Versions/A/OpenScripting
0x0000000005977000 	/System/Library/Frameworks/Carbon.framework/Versions/A/Frameworks/Print.framework/Versions/A/Print
0x0000000005977000 	/System/Library/Frameworks/Carbon.framework/Versions/A/Frameworks/SecurityHI.framework/Versions/A/SecurityHI
0x000000010f179000 	/private/var/folders/c2/jty02n5n57ngp2dgmrxxk_9w0000gn/T/libgdxstringhini/d8ae55ed/libgdx64.dylib
0x000000010f215000 	/Library/Java/JavaVirtualMachines/jdk1.7.0_51.jdk/Contents/Home/jre/lib/libawt.dylib
0x000000010f2c4000 	/Library/Java/JavaVirtualMachines/jdk1.7.0_51.jdk/Contents/Home/jre/lib/./libmlib_image.dylib
0x000000010f390000 	/Library/Java/JavaVirtualMachines/jdk1.7.0_51.jdk/Contents/Home/jre/lib/lwawt/liblwawt.dylib
0x000000010f444000 	/Library/Java/JavaVirtualMachines/jdk1.7.0_51.jdk/Contents/Home/jre/lib/libosxapp.dylib
0x0000000005977000 	/System/Library/Frameworks/ExceptionHandling.framework/Versions/A/ExceptionHandling
0x0000000005977000 	/System/Library/PrivateFrameworks/CoreServicesInternal.framework/Versions/A/CoreServicesInternal
0x0000000005977000 	/System/Library/PrivateFrameworks/Librarian.framework/Versions/A/Librarian
0x0000000005977000 	/System/Library/Frameworks/CoreGraphics.framework/Versions/A/Resources/libCGCMS.A.dylib
0x0000000005977000 	/System/Library/Frameworks/CoreGraphics.framework/Versions/A/Resources/libRIP.A.dylib
0x0000000005977000 	/System/Library/Frameworks/CoreGraphics.framework/Versions/A/Resources/libCGXType.A.dylib
0x0000000005977000 	/System/Library/PrivateFrameworks/FamilyControls.framework/Versions/A/FamilyControls
0x0000000005977000 	/System/Library/PrivateFrameworks/CommerceKit.framework/Versions/A/Frameworks/CommerceCore.framework/Versions/A/CommerceCore
0x0000000005977000 	/System/Library/PrivateFrameworks/SystemAdministration.framework/Versions/A/SystemAdministration
0x0000000005977000 	/System/Library/Frameworks/DirectoryService.framework/Versions/A/DirectoryService
0x0000000005977000 	/System/Library/PrivateFrameworks/DiskImages.framework/Versions/A/DiskImages
0x0000000005977000 	/System/Library/PrivateFrameworks/LoginUIKit.framework/Versions/A/Frameworks/LoginUICore.framework/Versions/A/LoginUICore
0x0000000005977000 	/usr/lib/libCoreStorage.dylib
0x0000000005977000 	/usr/lib/libcsfde.dylib
0x0000000005977000 	/usr/lib/libodfde.dylib
0x0000000005977000 	/System/Library/Frameworks/DiscRecording.framework/Versions/A/DiscRecording
0x0000000005977000 	/usr/lib/libcurl.4.dylib
0x0000000005977000 	/System/Library/PrivateFrameworks/MediaKit.framework/Versions/A/MediaKit
0x0000000005977000 	/System/Library/PrivateFrameworks/EFILogin.framework/Versions/A/EFILogin
0x0000000005977000 	/usr/lib/libutil.dylib
0x0000000005977000 	/System/Library/PrivateFrameworks/AOSNotification.framework/Versions/A/AOSNotification
0x0000000005977000 	/System/Library/Frameworks/LDAP.framework/Versions/A/LDAP
0x0000000005977000 	/usr/lib/libsasl2.2.dylib
0x0000000005977000 	/usr/lib/libcrypto.0.9.8.dylib
0x0000000005977000 	/usr/lib/libssl.0.9.8.dylib
0x000000011395a000 	/Library/Java/JavaVirtualMachines/jdk1.7.0_51.jdk/Contents/Home/jre/lib/libfontmanager.dylib
0x00000001139c1000 	/private/var/folders/c2/jty02n5n57ngp2dgmrxxk_9w0000gn/T/libgdxstringhini/f7649394/liblwjgl.dylib
0x0000000111fb5000 	/Library/Java/JavaVirtualMachines/jdk1.7.0_51.jdk/Contents/Home/jre/lib/libjawt.dylib
0x0000000113a43000 	/var/folders/c2/jty02n5n57ngp2dgmrxxk_9w0000gn/T/libgdxstringhini/f7649394/openal.dylib
0x0000000113ab2000 	/System/Library/Components/CoreAudio.component/Contents/MacOS/CoreAudio
0x0000000111fcd000 	/System/Library/Extensions/AppleHDA.kext/Contents/PlugIns/AppleHDAHALPlugIn.bundle/Contents/MacOS/AppleHDAHALPlugIn
0x0000000005977000 	/System/Library/Frameworks/OpenGL.framework/Versions/A/Resources/GLEngine.bundle/GLEngine
0x0000000005977000 	/System/Library/Frameworks/OpenGL.framework/Versions/A/Libraries/libGLProgrammability.dylib
0x0000000000000000 	/System/Library/Extensions/AppleIntelHD5000GraphicsGLDriver.bundle/Contents/MacOS/AppleIntelHD5000GraphicsGLDriver
0x0000000005977000 	/System/Library/PrivateFrameworks/IOAccelerator.framework/Versions/A/IOAccelerator
0x0000000005977000 	/System/Library/PrivateFrameworks/GPUSupport.framework/Versions/A/Libraries/libGPUSupportMercury.dylib
0x0000000005977000 	/System/Library/Frameworks/OpenGL.framework/Versions/A/Resources/GLRendererFloat.bundle/GLRendererFloat
0x0000000005977000 	/System/Library/Frameworks/OpenCL.framework/Versions/A/Libraries/libcldcpuengine.dylib
0x0000000114303000 	cl_kernels
0x0000000115355000 	/System/Library/Frameworks/OpenCL.framework/Versions/A/Libraries/ImageFormats/unorm8_bgra.dylib
0x000000011548d000 	cl_kernels
0x0000000115492000 	cl_kernels
0x0000000115497000 	cl_kernels
0x000000011549a000 	/System/Library/Frameworks/OpenCL.framework/Versions/A/Libraries/ImageFormats/unorm8_argb.dylib

VM Arguments:
jvm_args: -Dfile.encoding=US-ASCII 
java_command: com.mygdx.Core.desktop.DesktopLauncher
Launcher Type: SUN_STANDARD

Environment Variables:
PATH=/usr/bin:/bin:/usr/sbin:/sbin
SHELL=/bin/bash
DISPLAY=/tmp/launch-0NfvMj/org.macosforge.xquartz:0

Signal Handlers:
SIGSEGV: [libjvm.dylib+0x525425], sa_mask[0]=0xfffefeff, sa_flags=0x00000043
SIGBUS: [libjvm.dylib+0x525425], sa_mask[0]=0xfffefeff, sa_flags=0x00000042
SIGFPE: [libjvm.dylib+0x41892a], sa_mask[0]=0xfffefeff, sa_flags=0x00000042
SIGPIPE: [libjvm.dylib+0x41892a], sa_mask[0]=0xfffefeff, sa_flags=0x00000042
SIGXFSZ: [libjvm.dylib+0x41892a], sa_mask[0]=0xfffefeff, sa_flags=0x00000042
SIGILL: [libjvm.dylib+0x41892a], sa_mask[0]=0xfffefeff, sa_flags=0x00000042
SIGUSR1: SIG_DFL, sa_mask[0]=0x00000000, sa_flags=0x00000002
SIGUSR2: [libjvm.dylib+0x41841c], sa_mask[0]=0x00000004, sa_flags=0x00000042
SIGHUP: [libjvm.dylib+0x4166ab], sa_mask[0]=0xfffefeff, sa_flags=0x00000042
SIGINT: [libjvm.dylib+0x4166ab], sa_mask[0]=0xfffefeff, sa_flags=0x00000042
SIGTERM: [libjvm.dylib+0x4166ab], sa_mask[0]=0xfffefeff, sa_flags=0x00000042
SIGQUIT: [libjvm.dylib+0x4166ab], sa_mask[0]=0xfffefeff, sa_flags=0x00000042


---------------  S Y S T E M  ---------------

OS:Bsduname:Darwin 13.4.0 Darwin Kernel Version 13.4.0: Wed Mar 18 16:20:14 PDT 2015; root:xnu-2422.115.14~1/RELEASE_X86_64 x86_64
rlimit: STACK 8192k, CORE 0k, NPROC 709, NOFILE 10240, AS infinity
load average:3.04 2.07 1.59

CPU:total 4 (2 cores per cpu, 2 threads per core) family 6 model 69 stepping 1, cmov, cx8, fxsr, mmx, sse, sse2, sse3, ssse3, sse4.1, sse4.2, popcnt, avx, avx2, aes, erms, ht, tsc, tscinvbit

Memory: 4k page, physical 8388608k(2097152k free)

/proc/meminfo:


vm_info: Java HotSpot(TM) 64-Bit Server VM (24.51-b03) for bsd-amd64 JRE (1.7.0_51-b13), built on Dec 18 2013 18:45:56 by "java_re" with gcc 4.2.1 (Based on Apple Inc. build 5658) (LLVM build 2336.11.00)

time: Thu Apr 23 23:57:03 2015
elapsed time: 3 seconds

